[0.169s] DEBUG:colcon:Command line arguments: ['/usr/bin/colcon', 'build']
[0.169s] DEBUG:colcon:Parsed command line arguments: Namespace(log_base=None, log_level=None, verb_name='build', build_base='build', install_base='install', merge_install=False, symlink_install=False, test_result_base=None, continue_on_error=False, executor='parallel', parallel_workers=20, event_handlers=None, ignore_user_meta=False, metas=['./colcon.meta'], base_paths=['.'], packages_ignore=None, packages_ignore_regex=None, paths=None, packages_up_to=None, packages_up_to_regex=None, packages_above=None, packages_above_and_dependencies=None, packages_above_depth=None, packages_select_by_dep=None, packages_skip_by_dep=None, packages_skip_up_to=None, packages_select_build_failed=False, packages_skip_build_finished=False, packages_select_test_failures=False, packages_skip_test_passed=False, packages_select=None, packages_skip=None, packages_select_regex=None, packages_skip_regex=None, packages_start=None, packages_end=None, allow_overriding=[], cmake_args=None, cmake_target=None, cmake_target_skip_unavailable=False, cmake_clean_cache=False, cmake_clean_first=False, cmake_force_configure=False, ament_cmake_args=None, catkin_cmake_args=None, catkin_skip_building_tests=False, verb_parser=<colcon_defaults.argument_parser.defaults.DefaultArgumentsDecorator object at 0x7fc9e3004370>, verb_extension=<colcon_core.verb.build.BuildVerb object at 0x7fc9e2fcfdc0>, main=<bound method BuildVerb.main of <colcon_core.verb.build.BuildVerb object at 0x7fc9e2fcfdc0>>)
[0.315s] Level 1:colcon.colcon_core.package_discovery:discover_packages(colcon_meta) check parameters
[0.315s] Level 1:colcon.colcon_core.package_discovery:discover_packages(recursive) check parameters
[0.315s] Level 1:colcon.colcon_core.package_discovery:discover_packages(ignore) check parameters
[0.315s] Level 1:colcon.colcon_core.package_discovery:discover_packages(path) check parameters
[0.315s] Level 1:colcon.colcon_core.package_discovery:discover_packages(colcon_meta) discover
[0.315s] Level 1:colcon.colcon_core.package_discovery:discover_packages(recursive) discover
[0.315s] INFO:colcon.colcon_core.package_discovery:Crawling recursively for packages in '/home/nvidia/mkmini_ws'
[0.315s] Level 1:colcon.colcon_core.package_identification:_identify(.) by extensions ['ignore', 'ignore_ament_install']
[0.315s] Level 1:colcon.colcon_core.package_identification:_identify(.) by extension 'ignore'
[0.315s] Level 1:colcon.colcon_core.package_identification:_identify(.) by extension 'ignore_ament_install'
[0.315s] Level 1:colcon.colcon_core.package_identification:_identify(.) by extensions ['colcon_pkg']
[0.315s] Level 1:colcon.colcon_core.package_identification:_identify(.) by extension 'colcon_pkg'
[0.315s] Level 1:colcon.colcon_core.package_identification:_identify(.) by extensions ['colcon_meta']
[0.315s] Level 1:colcon.colcon_core.package_identification:_identify(.) by extension 'colcon_meta'
[0.315s] Level 1:colcon.colcon_core.package_identification:_identify(.) by extensions ['ros']
[0.315s] Level 1:colcon.colcon_core.package_identification:_identify(.) by extension 'ros'
[0.324s] Level 1:colcon.colcon_core.package_identification:_identify(.) by extensions ['cmake', 'python']
[0.324s] Level 1:colcon.colcon_core.package_identification:_identify(.) by extension 'cmake'
[0.324s] Level 1:colcon.colcon_core.package_identification:_identify(.) by extension 'python'
[0.324s] Level 1:colcon.colcon_core.package_identification:_identify(.) by extensions ['python_setup_py']
[0.324s] Level 1:colcon.colcon_core.package_identification:_identify(.) by extension 'python_setup_py'
[0.324s] Level 1:colcon.colcon_core.package_identification:_identify(build) by extensions ['ignore', 'ignore_ament_install']
[0.324s] Level 1:colcon.colcon_core.package_identification:_identify(build) by extension 'ignore'
[0.324s] Level 1:colcon.colcon_core.package_identification:_identify(build) ignored
[0.324s] Level 1:colcon.colcon_core.package_identification:_identify(install) by extensions ['ignore', 'ignore_ament_install']
[0.325s] Level 1:colcon.colcon_core.package_identification:_identify(install) by extension 'ignore'
[0.325s] Level 1:colcon.colcon_core.package_identification:_identify(install) ignored
[0.325s] Level 1:colcon.colcon_core.package_identification:_identify(log) by extensions ['ignore', 'ignore_ament_install']
[0.325s] Level 1:colcon.colcon_core.package_identification:_identify(log) by extension 'ignore'
[0.325s] Level 1:colcon.colcon_core.package_identification:_identify(log) ignored
[0.325s] Level 1:colcon.colcon_core.package_identification:_identify(src) by extensions ['ignore', 'ignore_ament_install']
[0.325s] Level 1:colcon.colcon_core.package_identification:_identify(src) by extension 'ignore'
[0.325s] Level 1:colcon.colcon_core.package_identification:_identify(src) by extension 'ignore_ament_install'
[0.325s] Level 1:colcon.colcon_core.package_identification:_identify(src) by extensions ['colcon_pkg']
[0.325s] Level 1:colcon.colcon_core.package_identification:_identify(src) by extension 'colcon_pkg'
[0.325s] Level 1:colcon.colcon_core.package_identification:_identify(src) by extensions ['colcon_meta']
[0.325s] Level 1:colcon.colcon_core.package_identification:_identify(src) by extension 'colcon_meta'
[0.325s] Level 1:colcon.colcon_core.package_identification:_identify(src) by extensions ['ros']
[0.325s] Level 1:colcon.colcon_core.package_identification:_identify(src) by extension 'ros'
[0.325s] Level 1:colcon.colcon_core.package_identification:_identify(src) by extensions ['cmake', 'python']
[0.325s] Level 1:colcon.colcon_core.package_identification:_identify(src) by extension 'cmake'
[0.325s] Level 1:colcon.colcon_core.package_identification:_identify(src) by extension 'python'
[0.325s] Level 1:colcon.colcon_core.package_identification:_identify(src) by extensions ['python_setup_py']
[0.325s] Level 1:colcon.colcon_core.package_identification:_identify(src) by extension 'python_setup_py'
[0.325s] Level 1:colcon.colcon_core.package_identification:_identify(src/MK-mini-description-ros2) by extensions ['ignore', 'ignore_ament_install']
[0.325s] Level 1:colcon.colcon_core.package_identification:_identify(src/MK-mini-description-ros2) by extension 'ignore'
[0.325s] Level 1:colcon.colcon_core.package_identification:_identify(src/MK-mini-description-ros2) by extension 'ignore_ament_install'
[0.325s] Level 1:colcon.colcon_core.package_identification:_identify(src/MK-mini-description-ros2) by extensions ['colcon_pkg']
[0.325s] Level 1:colcon.colcon_core.package_identification:_identify(src/MK-mini-description-ros2) by extension 'colcon_pkg'
[0.325s] Level 1:colcon.colcon_core.package_identification:_identify(src/MK-mini-description-ros2) by extensions ['colcon_meta']
[0.325s] Level 1:colcon.colcon_core.package_identification:_identify(src/MK-mini-description-ros2) by extension 'colcon_meta'
[0.325s] Level 1:colcon.colcon_core.package_identification:_identify(src/MK-mini-description-ros2) by extensions ['ros']
[0.325s] Level 1:colcon.colcon_core.package_identification:_identify(src/MK-mini-description-ros2) by extension 'ros'
[0.327s] DEBUG:colcon.colcon_core.package_identification:Package 'src/MK-mini-description-ros2' with type 'ros.ament_cmake' and name 'yhs_chassis_description'
[0.327s] Level 1:colcon.colcon_core.package_identification:_identify(src/MK-mini-ros2) by extensions ['ignore', 'ignore_ament_install']
[0.327s] Level 1:colcon.colcon_core.package_identification:_identify(src/MK-mini-ros2) by extension 'ignore'
[0.327s] Level 1:colcon.colcon_core.package_identification:_identify(src/MK-mini-ros2) by extension 'ignore_ament_install'
[0.327s] Level 1:colcon.colcon_core.package_identification:_identify(src/MK-mini-ros2) by extensions ['colcon_pkg']
[0.327s] Level 1:colcon.colcon_core.package_identification:_identify(src/MK-mini-ros2) by extension 'colcon_pkg'
[0.327s] Level 1:colcon.colcon_core.package_identification:_identify(src/MK-mini-ros2) by extensions ['colcon_meta']
[0.327s] Level 1:colcon.colcon_core.package_identification:_identify(src/MK-mini-ros2) by extension 'colcon_meta'
[0.327s] Level 1:colcon.colcon_core.package_identification:_identify(src/MK-mini-ros2) by extensions ['ros']
[0.327s] Level 1:colcon.colcon_core.package_identification:_identify(src/MK-mini-ros2) by extension 'ros'
[0.327s] Level 1:colcon.colcon_core.package_identification:_identify(src/MK-mini-ros2) by extensions ['cmake', 'python']
[0.327s] Level 1:colcon.colcon_core.package_identification:_identify(src/MK-mini-ros2) by extension 'cmake'
[0.327s] Level 1:colcon.colcon_core.package_identification:_identify(src/MK-mini-ros2) by extension 'python'
[0.327s] Level 1:colcon.colcon_core.package_identification:_identify(src/MK-mini-ros2) by extensions ['python_setup_py']
[0.327s] Level 1:colcon.colcon_core.package_identification:_identify(src/MK-mini-ros2) by extension 'python_setup_py'
[0.328s] Level 1:colcon.colcon_core.package_identification:_identify(src/MK-mini-ros2/images) by extensions ['ignore', 'ignore_ament_install']
[0.328s] Level 1:colcon.colcon_core.package_identification:_identify(src/MK-mini-ros2/images) by extension 'ignore'
[0.328s] Level 1:colcon.colcon_core.package_identification:_identify(src/MK-mini-ros2/images) by extension 'ignore_ament_install'
[0.328s] Level 1:colcon.colcon_core.package_identification:_identify(src/MK-mini-ros2/images) by extensions ['colcon_pkg']
[0.328s] Level 1:colcon.colcon_core.package_identification:_identify(src/MK-mini-ros2/images) by extension 'colcon_pkg'
[0.328s] Level 1:colcon.colcon_core.package_identification:_identify(src/MK-mini-ros2/images) by extensions ['colcon_meta']
[0.328s] Level 1:colcon.colcon_core.package_identification:_identify(src/MK-mini-ros2/images) by extension 'colcon_meta'
[0.328s] Level 1:colcon.colcon_core.package_identification:_identify(src/MK-mini-ros2/images) by extensions ['ros']
[0.328s] Level 1:colcon.colcon_core.package_identification:_identify(src/MK-mini-ros2/images) by extension 'ros'
[0.328s] Level 1:colcon.colcon_core.package_identification:_identify(src/MK-mini-ros2/images) by extensions ['cmake', 'python']
[0.328s] Level 1:colcon.colcon_core.package_identification:_identify(src/MK-mini-ros2/images) by extension 'cmake'
[0.328s] Level 1:colcon.colcon_core.package_identification:_identify(src/MK-mini-ros2/images) by extension 'python'
[0.328s] Level 1:colcon.colcon_core.package_identification:_identify(src/MK-mini-ros2/images) by extensions ['python_setup_py']
[0.328s] Level 1:colcon.colcon_core.package_identification:_identify(src/MK-mini-ros2/images) by extension 'python_setup_py'
[0.328s] Level 1:colcon.colcon_core.package_identification:_identify(src/MK-mini-ros2/yhs_can_control) by extensions ['ignore', 'ignore_ament_install']
[0.328s] Level 1:colcon.colcon_core.package_identification:_identify(src/MK-mini-ros2/yhs_can_control) by extension 'ignore'
[0.328s] Level 1:colcon.colcon_core.package_identification:_identify(src/MK-mini-ros2/yhs_can_control) by extension 'ignore_ament_install'
[0.328s] Level 1:colcon.colcon_core.package_identification:_identify(src/MK-mini-ros2/yhs_can_control) by extensions ['colcon_pkg']
[0.328s] Level 1:colcon.colcon_core.package_identification:_identify(src/MK-mini-ros2/yhs_can_control) by extension 'colcon_pkg'
[0.328s] Level 1:colcon.colcon_core.package_identification:_identify(src/MK-mini-ros2/yhs_can_control) by extensions ['colcon_meta']
[0.328s] Level 1:colcon.colcon_core.package_identification:_identify(src/MK-mini-ros2/yhs_can_control) by extension 'colcon_meta'
[0.328s] Level 1:colcon.colcon_core.package_identification:_identify(src/MK-mini-ros2/yhs_can_control) by extensions ['ros']
[0.328s] Level 1:colcon.colcon_core.package_identification:_identify(src/MK-mini-ros2/yhs_can_control) by extension 'ros'
[0.329s] DEBUG:colcon.colcon_core.package_identification:Package 'src/MK-mini-ros2/yhs_can_control' with type 'ros.ament_cmake' and name 'yhs_can_control'
[0.329s] Level 1:colcon.colcon_core.package_identification:_identify(src/MK-mini-ros2/yhs_can_interfaces) by extensions ['ignore', 'ignore_ament_install']
[0.329s] Level 1:colcon.colcon_core.package_identification:_identify(src/MK-mini-ros2/yhs_can_interfaces) by extension 'ignore'
[0.329s] Level 1:colcon.colcon_core.package_identification:_identify(src/MK-mini-ros2/yhs_can_interfaces) by extension 'ignore_ament_install'
[0.329s] Level 1:colcon.colcon_core.package_identification:_identify(src/MK-mini-ros2/yhs_can_interfaces) by extensions ['colcon_pkg']
[0.329s] Level 1:colcon.colcon_core.package_identification:_identify(src/MK-mini-ros2/yhs_can_interfaces) by extension 'colcon_pkg'
[0.329s] Level 1:colcon.colcon_core.package_identification:_identify(src/MK-mini-ros2/yhs_can_interfaces) by extensions ['colcon_meta']
[0.329s] Level 1:colcon.colcon_core.package_identification:_identify(src/MK-mini-ros2/yhs_can_interfaces) by extension 'colcon_meta'
[0.329s] Level 1:colcon.colcon_core.package_identification:_identify(src/MK-mini-ros2/yhs_can_interfaces) by extensions ['ros']
[0.329s] Level 1:colcon.colcon_core.package_identification:_identify(src/MK-mini-ros2/yhs_can_interfaces) by extension 'ros'
[0.329s] DEBUG:colcon.colcon_core.package_identification:Package 'src/MK-mini-ros2/yhs_can_interfaces' with type 'ros.ament_cmake' and name 'yhs_can_interfaces'
[0.329s] Level 1:colcon.colcon_core.package_discovery:discover_packages(recursive) using defaults
[0.330s] Level 1:colcon.colcon_core.package_discovery:discover_packages(ignore) discover
[0.330s] Level 1:colcon.colcon_core.package_discovery:discover_packages(ignore) using defaults
[0.330s] Level 1:colcon.colcon_core.package_discovery:discover_packages(path) discover
[0.330s] Level 1:colcon.colcon_core.package_discovery:discover_packages(path) using defaults
[0.354s] Level 1:colcon.colcon_core.package_discovery:discover_packages(prefix_path) check parameters
[0.354s] Level 1:colcon.colcon_core.package_discovery:discover_packages(prefix_path) discover
[0.356s] DEBUG:colcon.colcon_installed_package_information.package_discovery:Found 2 installed packages in /home/nvidia/5.1-ros2_ws/install
[0.356s] DEBUG:colcon.colcon_installed_package_information.package_discovery:Found 2 installed packages in /home/nvidia/ros2_ws/install
[0.357s] DEBUG:colcon.colcon_installed_package_information.package_discovery:Found 327 installed packages in /opt/ros/humble
[0.358s] Level 1:colcon.colcon_core.package_discovery:discover_packages(prefix_path) using defaults
[0.383s] Level 5:colcon.colcon_core.verb:set package 'yhs_can_interfaces' build argument 'cmake_args' from command line to 'None'
[0.383s] Level 5:colcon.colcon_core.verb:set package 'yhs_can_interfaces' build argument 'cmake_target' from command line to 'None'
[0.383s] Level 5:colcon.colcon_core.verb:set package 'yhs_can_interfaces' build argument 'cmake_target_skip_unavailable' from command line to 'False'
[0.383s] Level 5:colcon.colcon_core.verb:set package 'yhs_can_interfaces' build argument 'cmake_clean_cache' from command line to 'False'
[0.383s] Level 5:colcon.colcon_core.verb:set package 'yhs_can_interfaces' build argument 'cmake_clean_first' from command line to 'False'
[0.383s] Level 5:colcon.colcon_core.verb:set package 'yhs_can_interfaces' build argument 'cmake_force_configure' from command line to 'False'
[0.383s] Level 5:colcon.colcon_core.verb:set package 'yhs_can_interfaces' build argument 'ament_cmake_args' from command line to 'None'
[0.383s] Level 5:colcon.colcon_core.verb:set package 'yhs_can_interfaces' build argument 'catkin_cmake_args' from command line to 'None'
[0.383s] Level 5:colcon.colcon_core.verb:set package 'yhs_can_interfaces' build argument 'catkin_skip_building_tests' from command line to 'False'
[0.383s] DEBUG:colcon.colcon_core.verb:Building package 'yhs_can_interfaces' with the following arguments: {'ament_cmake_args': None, 'build_base': '/home/nvidia/mkmini_ws/build/yhs_can_interfaces', 'catkin_cmake_args': None, 'catkin_skip_building_tests': False, 'cmake_args': None, 'cmake_clean_cache': False, 'cmake_clean_first': False, 'cmake_force_configure': False, 'cmake_target': None, 'cmake_target_skip_unavailable': False, 'install_base': '/home/nvidia/mkmini_ws/install/yhs_can_interfaces', 'merge_install': False, 'path': '/home/nvidia/mkmini_ws/src/MK-mini-ros2/yhs_can_interfaces', 'symlink_install': False, 'test_result_base': None}
[0.383s] Level 5:colcon.colcon_core.verb:set package 'yhs_chassis_description' build argument 'cmake_args' from command line to 'None'
[0.383s] Level 5:colcon.colcon_core.verb:set package 'yhs_chassis_description' build argument 'cmake_target' from command line to 'None'
[0.383s] Level 5:colcon.colcon_core.verb:set package 'yhs_chassis_description' build argument 'cmake_target_skip_unavailable' from command line to 'False'
[0.383s] Level 5:colcon.colcon_core.verb:set package 'yhs_chassis_description' build argument 'cmake_clean_cache' from command line to 'False'
[0.383s] Level 5:colcon.colcon_core.verb:set package 'yhs_chassis_description' build argument 'cmake_clean_first' from command line to 'False'
[0.383s] Level 5:colcon.colcon_core.verb:set package 'yhs_chassis_description' build argument 'cmake_force_configure' from command line to 'False'
[0.383s] Level 5:colcon.colcon_core.verb:set package 'yhs_chassis_description' build argument 'ament_cmake_args' from command line to 'None'
[0.383s] Level 5:colcon.colcon_core.verb:set package 'yhs_chassis_description' build argument 'catkin_cmake_args' from command line to 'None'
[0.383s] Level 5:colcon.colcon_core.verb:set package 'yhs_chassis_description' build argument 'catkin_skip_building_tests' from command line to 'False'
[0.383s] DEBUG:colcon.colcon_core.verb:Building package 'yhs_chassis_description' with the following arguments: {'ament_cmake_args': None, 'build_base': '/home/nvidia/mkmini_ws/build/yhs_chassis_description', 'catkin_cmake_args': None, 'catkin_skip_building_tests': False, 'cmake_args': None, 'cmake_clean_cache': False, 'cmake_clean_first': False, 'cmake_force_configure': False, 'cmake_target': None, 'cmake_target_skip_unavailable': False, 'install_base': '/home/nvidia/mkmini_ws/install/yhs_chassis_description', 'merge_install': False, 'path': '/home/nvidia/mkmini_ws/src/MK-mini-description-ros2', 'symlink_install': False, 'test_result_base': None}
[0.384s] Level 5:colcon.colcon_core.verb:set package 'yhs_can_control' build argument 'cmake_args' from command line to 'None'
[0.384s] Level 5:colcon.colcon_core.verb:set package 'yhs_can_control' build argument 'cmake_target' from command line to 'None'
[0.384s] Level 5:colcon.colcon_core.verb:set package 'yhs_can_control' build argument 'cmake_target_skip_unavailable' from command line to 'False'
[0.384s] Level 5:colcon.colcon_core.verb:set package 'yhs_can_control' build argument 'cmake_clean_cache' from command line to 'False'
[0.384s] Level 5:colcon.colcon_core.verb:set package 'yhs_can_control' build argument 'cmake_clean_first' from command line to 'False'
[0.384s] Level 5:colcon.colcon_core.verb:set package 'yhs_can_control' build argument 'cmake_force_configure' from command line to 'False'
[0.384s] Level 5:colcon.colcon_core.verb:set package 'yhs_can_control' build argument 'ament_cmake_args' from command line to 'None'
[0.384s] Level 5:colcon.colcon_core.verb:set package 'yhs_can_control' build argument 'catkin_cmake_args' from command line to 'None'
[0.384s] Level 5:colcon.colcon_core.verb:set package 'yhs_can_control' build argument 'catkin_skip_building_tests' from command line to 'False'
[0.384s] DEBUG:colcon.colcon_core.verb:Building package 'yhs_can_control' with the following arguments: {'ament_cmake_args': None, 'build_base': '/home/nvidia/mkmini_ws/build/yhs_can_control', 'catkin_cmake_args': None, 'catkin_skip_building_tests': False, 'cmake_args': None, 'cmake_clean_cache': False, 'cmake_clean_first': False, 'cmake_force_configure': False, 'cmake_target': None, 'cmake_target_skip_unavailable': False, 'install_base': '/home/nvidia/mkmini_ws/install/yhs_can_control', 'merge_install': False, 'path': '/home/nvidia/mkmini_ws/src/MK-mini-ros2/yhs_can_control', 'symlink_install': False, 'test_result_base': None}
[0.384s] INFO:colcon.colcon_core.executor:Executing jobs using 'parallel' executor
[0.384s] DEBUG:colcon.colcon_parallel_executor.executor.parallel:run_until_complete
[0.385s] INFO:colcon.colcon_ros.task.ament_cmake.build:Building ROS package in '/home/nvidia/mkmini_ws/src/MK-mini-ros2/yhs_can_interfaces' with build type 'ament_cmake'
[0.385s] INFO:colcon.colcon_cmake.task.cmake.build:Building CMake package in '/home/nvidia/mkmini_ws/src/MK-mini-ros2/yhs_can_interfaces'
[0.387s] INFO:colcon.colcon_core.plugin_system:Skipping extension 'colcon_core.shell.bat': Not used on non-Windows systems
[0.387s] INFO:colcon.colcon_core.shell:Skip shell extension 'powershell' for command environment: Not usable outside of PowerShell
[0.387s] DEBUG:colcon.colcon_core.shell:Skip shell extension 'dsv' for command environment
[0.389s] INFO:colcon.colcon_ros.task.ament_cmake.build:Building ROS package in '/home/nvidia/mkmini_ws/src/MK-mini-description-ros2' with build type 'ament_cmake'
[0.390s] INFO:colcon.colcon_cmake.task.cmake.build:Building CMake package in '/home/nvidia/mkmini_ws/src/MK-mini-description-ros2'
[0.390s] INFO:colcon.colcon_core.shell:Skip shell extension 'powershell' for command environment: Not usable outside of PowerShell
[0.390s] DEBUG:colcon.colcon_core.shell:Skip shell extension 'dsv' for command environment
[0.393s] DEBUG:colcon.colcon_core.event_handler.log_command:Invoking command in '/home/nvidia/mkmini_ws/build/yhs_can_interfaces': CMAKE_PREFIX_PATH=${CMAKE_PREFIX_PATH}:/home/nvidia/ros2_ws/install/ai_imu_dr_ros:/opt/ros/humble NX_CONNECTION=192.168.31.185 60693 192.168.31.39 4000 /usr/bin/cmake /home/nvidia/mkmini_ws/src/MK-mini-ros2/yhs_can_interfaces -DCMAKE_INSTALL_PREFIX=/home/nvidia/mkmini_ws/install/yhs_can_interfaces
[0.396s] DEBUG:colcon.colcon_core.event_handler.log_command:Invoking command in '/home/nvidia/mkmini_ws/build/yhs_chassis_description': CMAKE_PREFIX_PATH=${CMAKE_PREFIX_PATH}:/home/nvidia/ros2_ws/install/ai_imu_dr_ros:/opt/ros/humble NX_CONNECTION=192.168.31.185 60693 192.168.31.39 4000 /usr/bin/cmake /home/nvidia/mkmini_ws/src/MK-mini-description-ros2 -DCMAKE_INSTALL_PREFIX=/home/nvidia/mkmini_ws/install/yhs_chassis_description
[0.968s] DEBUG:colcon.colcon_core.event_handler.log_command:Invoked command in '/home/nvidia/mkmini_ws/build/yhs_chassis_description' returned '0': CMAKE_PREFIX_PATH=${CMAKE_PREFIX_PATH}:/home/nvidia/ros2_ws/install/ai_imu_dr_ros:/opt/ros/humble NX_CONNECTION=192.168.31.185 60693 192.168.31.39 4000 /usr/bin/cmake /home/nvidia/mkmini_ws/src/MK-mini-description-ros2 -DCMAKE_INSTALL_PREFIX=/home/nvidia/mkmini_ws/install/yhs_chassis_description
[0.970s] DEBUG:colcon.colcon_core.event_handler.log_command:Invoking command in '/home/nvidia/mkmini_ws/build/yhs_chassis_description': CMAKE_PREFIX_PATH=${CMAKE_PREFIX_PATH}:/home/nvidia/ros2_ws/install/ai_imu_dr_ros:/opt/ros/humble NX_CONNECTION=192.168.31.185 60693 192.168.31.39 4000 /usr/bin/cmake --build /home/nvidia/mkmini_ws/build/yhs_chassis_description -- -j20 -l20
[0.989s] DEBUG:colcon.colcon_core.event_handler.log_command:Invoked command in '/home/nvidia/mkmini_ws/build/yhs_chassis_description' returned '0': CMAKE_PREFIX_PATH=${CMAKE_PREFIX_PATH}:/home/nvidia/ros2_ws/install/ai_imu_dr_ros:/opt/ros/humble NX_CONNECTION=192.168.31.185 60693 192.168.31.39 4000 /usr/bin/cmake --build /home/nvidia/mkmini_ws/build/yhs_chassis_description -- -j20 -l20
[0.994s] DEBUG:colcon.colcon_core.event_handler.log_command:Invoking command in '/home/nvidia/mkmini_ws/build/yhs_chassis_description': CMAKE_PREFIX_PATH=${CMAKE_PREFIX_PATH}:/home/nvidia/ros2_ws/install/ai_imu_dr_ros:/opt/ros/humble NX_CONNECTION=192.168.31.185 60693 192.168.31.39 4000 /usr/bin/cmake --install /home/nvidia/mkmini_ws/build/yhs_chassis_description
[1.000s] Level 1:colcon.colcon_core.environment:create_environment_scripts_only(yhs_chassis_description)
[1.000s] DEBUG:colcon.colcon_core.event_handler.log_command:Invoked command in '/home/nvidia/mkmini_ws/build/yhs_chassis_description' returned '0': CMAKE_PREFIX_PATH=${CMAKE_PREFIX_PATH}:/home/nvidia/ros2_ws/install/ai_imu_dr_ros:/opt/ros/humble NX_CONNECTION=192.168.31.185 60693 192.168.31.39 4000 /usr/bin/cmake --install /home/nvidia/mkmini_ws/build/yhs_chassis_description
[1.004s] Level 1:colcon.colcon_core.environment:checking '/home/nvidia/mkmini_ws/install/yhs_chassis_description' for CMake module files
[1.005s] Level 1:colcon.colcon_core.environment:checking '/home/nvidia/mkmini_ws/install/yhs_chassis_description' for CMake config files
[1.005s] Level 1:colcon.colcon_core.shell:create_environment_hook('yhs_chassis_description', 'cmake_prefix_path')
[1.005s] INFO:colcon.colcon_core.shell:Creating environment hook '/home/nvidia/mkmini_ws/install/yhs_chassis_description/share/yhs_chassis_description/hook/cmake_prefix_path.ps1'
[1.006s] INFO:colcon.colcon_core.shell:Creating environment descriptor '/home/nvidia/mkmini_ws/install/yhs_chassis_description/share/yhs_chassis_description/hook/cmake_prefix_path.dsv'
[1.006s] INFO:colcon.colcon_core.shell:Creating environment hook '/home/nvidia/mkmini_ws/install/yhs_chassis_description/share/yhs_chassis_description/hook/cmake_prefix_path.sh'
[1.007s] Level 1:colcon.colcon_core.environment:checking '/home/nvidia/mkmini_ws/install/yhs_chassis_description/bin'
[1.007s] Level 1:colcon.colcon_core.environment:checking '/home/nvidia/mkmini_ws/install/yhs_chassis_description/lib/pkgconfig/yhs_chassis_description.pc'
[1.007s] Level 1:colcon.colcon_core.environment:checking '/home/nvidia/mkmini_ws/install/yhs_chassis_description/lib/python3.10/site-packages'
[1.008s] Level 1:colcon.colcon_core.environment:checking '/home/nvidia/mkmini_ws/install/yhs_chassis_description/bin'
[1.008s] INFO:colcon.colcon_core.shell:Creating package script '/home/nvidia/mkmini_ws/install/yhs_chassis_description/share/yhs_chassis_description/package.ps1'
[1.009s] INFO:colcon.colcon_core.shell:Creating package descriptor '/home/nvidia/mkmini_ws/install/yhs_chassis_description/share/yhs_chassis_description/package.dsv'
[1.009s] INFO:colcon.colcon_core.shell:Creating package script '/home/nvidia/mkmini_ws/install/yhs_chassis_description/share/yhs_chassis_description/package.sh'
[1.010s] INFO:colcon.colcon_core.shell:Creating package script '/home/nvidia/mkmini_ws/install/yhs_chassis_description/share/yhs_chassis_description/package.bash'
[1.010s] INFO:colcon.colcon_core.shell:Creating package script '/home/nvidia/mkmini_ws/install/yhs_chassis_description/share/yhs_chassis_description/package.zsh'
[1.011s] Level 1:colcon.colcon_core.environment:create_file_with_runtime_dependencies(/home/nvidia/mkmini_ws/install/yhs_chassis_description/share/colcon-core/packages/yhs_chassis_description)
[1.012s] Level 1:colcon.colcon_core.environment:create_environment_scripts_only(yhs_chassis_description)
[1.012s] Level 1:colcon.colcon_core.environment:checking '/home/nvidia/mkmini_ws/install/yhs_chassis_description' for CMake module files
[1.012s] Level 1:colcon.colcon_core.environment:checking '/home/nvidia/mkmini_ws/install/yhs_chassis_description' for CMake config files
[1.012s] Level 1:colcon.colcon_core.shell:create_environment_hook('yhs_chassis_description', 'cmake_prefix_path')
[1.013s] INFO:colcon.colcon_core.shell:Creating environment hook '/home/nvidia/mkmini_ws/install/yhs_chassis_description/share/yhs_chassis_description/hook/cmake_prefix_path.ps1'
[1.013s] INFO:colcon.colcon_core.shell:Creating environment descriptor '/home/nvidia/mkmini_ws/install/yhs_chassis_description/share/yhs_chassis_description/hook/cmake_prefix_path.dsv'
[1.013s] INFO:colcon.colcon_core.shell:Creating environment hook '/home/nvidia/mkmini_ws/install/yhs_chassis_description/share/yhs_chassis_description/hook/cmake_prefix_path.sh'
[1.013s] Level 1:colcon.colcon_core.environment:checking '/home/nvidia/mkmini_ws/install/yhs_chassis_description/bin'
[1.013s] Level 1:colcon.colcon_core.environment:checking '/home/nvidia/mkmini_ws/install/yhs_chassis_description/lib/pkgconfig/yhs_chassis_description.pc'
[1.014s] Level 1:colcon.colcon_core.environment:checking '/home/nvidia/mkmini_ws/install/yhs_chassis_description/lib/python3.10/site-packages'
[1.014s] Level 1:colcon.colcon_core.environment:checking '/home/nvidia/mkmini_ws/install/yhs_chassis_description/bin'
[1.014s] INFO:colcon.colcon_core.shell:Creating package script '/home/nvidia/mkmini_ws/install/yhs_chassis_description/share/yhs_chassis_description/package.ps1'
[1.014s] INFO:colcon.colcon_core.shell:Creating package descriptor '/home/nvidia/mkmini_ws/install/yhs_chassis_description/share/yhs_chassis_description/package.dsv'
[1.015s] INFO:colcon.colcon_core.shell:Creating package script '/home/nvidia/mkmini_ws/install/yhs_chassis_description/share/yhs_chassis_description/package.sh'
[1.015s] INFO:colcon.colcon_core.shell:Creating package script '/home/nvidia/mkmini_ws/install/yhs_chassis_description/share/yhs_chassis_description/package.bash'
[1.015s] INFO:colcon.colcon_core.shell:Creating package script '/home/nvidia/mkmini_ws/install/yhs_chassis_description/share/yhs_chassis_description/package.zsh'
[1.015s] Level 1:colcon.colcon_core.environment:create_file_with_runtime_dependencies(/home/nvidia/mkmini_ws/install/yhs_chassis_description/share/colcon-core/packages/yhs_chassis_description)
[1.676s] DEBUG:colcon.colcon_core.event_handler.log_command:Invoked command in '/home/nvidia/mkmini_ws/build/yhs_can_interfaces' returned '0': CMAKE_PREFIX_PATH=${CMAKE_PREFIX_PATH}:/home/nvidia/ros2_ws/install/ai_imu_dr_ros:/opt/ros/humble NX_CONNECTION=192.168.31.185 60693 192.168.31.39 4000 /usr/bin/cmake /home/nvidia/mkmini_ws/src/MK-mini-ros2/yhs_can_interfaces -DCMAKE_INSTALL_PREFIX=/home/nvidia/mkmini_ws/install/yhs_can_interfaces
[1.676s] DEBUG:colcon.colcon_core.event_handler.log_command:Invoking command in '/home/nvidia/mkmini_ws/build/yhs_can_interfaces': CMAKE_PREFIX_PATH=${CMAKE_PREFIX_PATH}:/home/nvidia/ros2_ws/install/ai_imu_dr_ros:/opt/ros/humble NX_CONNECTION=192.168.31.185 60693 192.168.31.39 4000 /usr/bin/cmake --build /home/nvidia/mkmini_ws/build/yhs_can_interfaces -- -j20 -l20
[4.495s] DEBUG:colcon.colcon_core.event_handler.log_command:Invoked command in '/home/nvidia/mkmini_ws/build/yhs_can_interfaces' returned '0': CMAKE_PREFIX_PATH=${CMAKE_PREFIX_PATH}:/home/nvidia/ros2_ws/install/ai_imu_dr_ros:/opt/ros/humble NX_CONNECTION=192.168.31.185 60693 192.168.31.39 4000 /usr/bin/cmake --build /home/nvidia/mkmini_ws/build/yhs_can_interfaces -- -j20 -l20
[4.497s] DEBUG:colcon.colcon_core.event_handler.log_command:Invoking command in '/home/nvidia/mkmini_ws/build/yhs_can_interfaces': CMAKE_PREFIX_PATH=${CMAKE_PREFIX_PATH}:/home/nvidia/ros2_ws/install/ai_imu_dr_ros:/opt/ros/humble NX_CONNECTION=192.168.31.185 60693 192.168.31.39 4000 /usr/bin/cmake --install /home/nvidia/mkmini_ws/build/yhs_can_interfaces
[4.555s] Level 1:colcon.colcon_core.environment:create_environment_scripts_only(yhs_can_interfaces)
[4.555s] Level 1:colcon.colcon_core.environment:checking '/home/nvidia/mkmini_ws/install/yhs_can_interfaces' for CMake module files
[4.555s] DEBUG:colcon.colcon_core.event_handler.log_command:Invoked command in '/home/nvidia/mkmini_ws/build/yhs_can_interfaces' returned '0': CMAKE_PREFIX_PATH=${CMAKE_PREFIX_PATH}:/home/nvidia/ros2_ws/install/ai_imu_dr_ros:/opt/ros/humble NX_CONNECTION=192.168.31.185 60693 192.168.31.39 4000 /usr/bin/cmake --install /home/nvidia/mkmini_ws/build/yhs_can_interfaces
[4.556s] Level 1:colcon.colcon_core.environment:checking '/home/nvidia/mkmini_ws/install/yhs_can_interfaces' for CMake config files
[4.556s] Level 1:colcon.colcon_core.shell:create_environment_hook('yhs_can_interfaces', 'cmake_prefix_path')
[4.556s] INFO:colcon.colcon_core.shell:Creating environment hook '/home/nvidia/mkmini_ws/install/yhs_can_interfaces/share/yhs_can_interfaces/hook/cmake_prefix_path.ps1'
[4.557s] INFO:colcon.colcon_core.shell:Creating environment descriptor '/home/nvidia/mkmini_ws/install/yhs_can_interfaces/share/yhs_can_interfaces/hook/cmake_prefix_path.dsv'
[4.557s] INFO:colcon.colcon_core.shell:Creating environment hook '/home/nvidia/mkmini_ws/install/yhs_can_interfaces/share/yhs_can_interfaces/hook/cmake_prefix_path.sh'
[4.557s] Level 1:colcon.colcon_core.environment:checking '/home/nvidia/mkmini_ws/install/yhs_can_interfaces/lib'
[4.557s] Level 1:colcon.colcon_core.shell:create_environment_hook('yhs_can_interfaces', 'ld_library_path_lib')
[4.557s] INFO:colcon.colcon_core.shell:Creating environment hook '/home/nvidia/mkmini_ws/install/yhs_can_interfaces/share/yhs_can_interfaces/hook/ld_library_path_lib.ps1'
[4.558s] INFO:colcon.colcon_core.shell:Creating environment descriptor '/home/nvidia/mkmini_ws/install/yhs_can_interfaces/share/yhs_can_interfaces/hook/ld_library_path_lib.dsv'
[4.558s] INFO:colcon.colcon_core.shell:Creating environment hook '/home/nvidia/mkmini_ws/install/yhs_can_interfaces/share/yhs_can_interfaces/hook/ld_library_path_lib.sh'
[4.558s] Level 1:colcon.colcon_core.environment:checking '/home/nvidia/mkmini_ws/install/yhs_can_interfaces/bin'
[4.558s] Level 1:colcon.colcon_core.environment:checking '/home/nvidia/mkmini_ws/install/yhs_can_interfaces/lib/pkgconfig/yhs_can_interfaces.pc'
[4.558s] Level 1:colcon.colcon_core.environment:checking '/home/nvidia/mkmini_ws/install/yhs_can_interfaces/lib/python3.10/site-packages'
[4.558s] Level 1:colcon.colcon_core.environment:checking '/home/nvidia/mkmini_ws/install/yhs_can_interfaces/bin'
[4.558s] INFO:colcon.colcon_core.shell:Creating package script '/home/nvidia/mkmini_ws/install/yhs_can_interfaces/share/yhs_can_interfaces/package.ps1'
[4.559s] INFO:colcon.colcon_core.shell:Creating package descriptor '/home/nvidia/mkmini_ws/install/yhs_can_interfaces/share/yhs_can_interfaces/package.dsv'
[4.559s] INFO:colcon.colcon_core.shell:Creating package script '/home/nvidia/mkmini_ws/install/yhs_can_interfaces/share/yhs_can_interfaces/package.sh'
[4.559s] INFO:colcon.colcon_core.shell:Creating package script '/home/nvidia/mkmini_ws/install/yhs_can_interfaces/share/yhs_can_interfaces/package.bash'
[4.559s] INFO:colcon.colcon_core.shell:Creating package script '/home/nvidia/mkmini_ws/install/yhs_can_interfaces/share/yhs_can_interfaces/package.zsh'
[4.559s] Level 1:colcon.colcon_core.environment:create_file_with_runtime_dependencies(/home/nvidia/mkmini_ws/install/yhs_can_interfaces/share/colcon-core/packages/yhs_can_interfaces)
[4.560s] Level 1:colcon.colcon_core.environment:create_environment_scripts_only(yhs_can_interfaces)
[4.560s] Level 1:colcon.colcon_core.environment:checking '/home/nvidia/mkmini_ws/install/yhs_can_interfaces' for CMake module files
[4.560s] Level 1:colcon.colcon_core.environment:checking '/home/nvidia/mkmini_ws/install/yhs_can_interfaces' for CMake config files
[4.561s] Level 1:colcon.colcon_core.shell:create_environment_hook('yhs_can_interfaces', 'cmake_prefix_path')
[4.561s] INFO:colcon.colcon_core.shell:Creating environment hook '/home/nvidia/mkmini_ws/install/yhs_can_interfaces/share/yhs_can_interfaces/hook/cmake_prefix_path.ps1'
[4.561s] INFO:colcon.colcon_core.shell:Creating environment descriptor '/home/nvidia/mkmini_ws/install/yhs_can_interfaces/share/yhs_can_interfaces/hook/cmake_prefix_path.dsv'
[4.561s] INFO:colcon.colcon_core.shell:Creating environment hook '/home/nvidia/mkmini_ws/install/yhs_can_interfaces/share/yhs_can_interfaces/hook/cmake_prefix_path.sh'
[4.561s] Level 1:colcon.colcon_core.environment:checking '/home/nvidia/mkmini_ws/install/yhs_can_interfaces/lib'
[4.561s] Level 1:colcon.colcon_core.shell:create_environment_hook('yhs_can_interfaces', 'ld_library_path_lib')
[4.561s] INFO:colcon.colcon_core.shell:Creating environment hook '/home/nvidia/mkmini_ws/install/yhs_can_interfaces/share/yhs_can_interfaces/hook/ld_library_path_lib.ps1'
[4.562s] INFO:colcon.colcon_core.shell:Creating environment descriptor '/home/nvidia/mkmini_ws/install/yhs_can_interfaces/share/yhs_can_interfaces/hook/ld_library_path_lib.dsv'
[4.562s] INFO:colcon.colcon_core.shell:Creating environment hook '/home/nvidia/mkmini_ws/install/yhs_can_interfaces/share/yhs_can_interfaces/hook/ld_library_path_lib.sh'
[4.562s] Level 1:colcon.colcon_core.environment:checking '/home/nvidia/mkmini_ws/install/yhs_can_interfaces/bin'
[4.562s] Level 1:colcon.colcon_core.environment:checking '/home/nvidia/mkmini_ws/install/yhs_can_interfaces/lib/pkgconfig/yhs_can_interfaces.pc'
[4.562s] Level 1:colcon.colcon_core.environment:checking '/home/nvidia/mkmini_ws/install/yhs_can_interfaces/lib/python3.10/site-packages'
[4.562s] Level 1:colcon.colcon_core.environment:checking '/home/nvidia/mkmini_ws/install/yhs_can_interfaces/bin'
[4.562s] INFO:colcon.colcon_core.shell:Creating package script '/home/nvidia/mkmini_ws/install/yhs_can_interfaces/share/yhs_can_interfaces/package.ps1'
[4.563s] INFO:colcon.colcon_core.shell:Creating package descriptor '/home/nvidia/mkmini_ws/install/yhs_can_interfaces/share/yhs_can_interfaces/package.dsv'
[4.563s] INFO:colcon.colcon_core.shell:Creating package script '/home/nvidia/mkmini_ws/install/yhs_can_interfaces/share/yhs_can_interfaces/package.sh'
[4.563s] INFO:colcon.colcon_core.shell:Creating package script '/home/nvidia/mkmini_ws/install/yhs_can_interfaces/share/yhs_can_interfaces/package.bash'
[4.563s] INFO:colcon.colcon_core.shell:Creating package script '/home/nvidia/mkmini_ws/install/yhs_can_interfaces/share/yhs_can_interfaces/package.zsh'
[4.564s] Level 1:colcon.colcon_core.environment:create_file_with_runtime_dependencies(/home/nvidia/mkmini_ws/install/yhs_can_interfaces/share/colcon-core/packages/yhs_can_interfaces)
[4.564s] INFO:colcon.colcon_ros.task.ament_cmake.build:Building ROS package in '/home/nvidia/mkmini_ws/src/MK-mini-ros2/yhs_can_control' with build type 'ament_cmake'
[4.564s] INFO:colcon.colcon_cmake.task.cmake.build:Building CMake package in '/home/nvidia/mkmini_ws/src/MK-mini-ros2/yhs_can_control'
[4.564s] INFO:colcon.colcon_core.shell:Skip shell extension 'powershell' for command environment: Not usable outside of PowerShell
[4.564s] DEBUG:colcon.colcon_core.shell:Skip shell extension 'dsv' for command environment
[4.569s] DEBUG:colcon.colcon_core.event_handler.log_command:Invoking command in '/home/nvidia/mkmini_ws/build/yhs_can_control': AMENT_PREFIX_PATH=/home/nvidia/mkmini_ws/install/yhs_can_interfaces:${AMENT_PREFIX_PATH} CMAKE_PREFIX_PATH=/home/nvidia/mkmini_ws/install/yhs_can_interfaces:/home/nvidia/5.1-ros2_ws/install/yhs_can_control:/home/nvidia/5.1-ros2_ws/install/yhs_can_interfaces:/home/nvidia/ros2_ws/install/yhs_chassis_description:/home/nvidia/ros2_ws/install/ai_imu_dr_ros:/opt/ros/humble LD_LIBRARY_PATH=/home/nvidia/mkmini_ws/install/yhs_can_interfaces/lib:${LD_LIBRARY_PATH} NX_CONNECTION=192.168.31.185 60693 192.168.31.39 4000 PYTHONPATH=/home/nvidia/mkmini_ws/install/yhs_can_interfaces/local/lib/python3.10/dist-packages:${PYTHONPATH} /usr/bin/cmake /home/nvidia/mkmini_ws/src/MK-mini-ros2/yhs_can_control -DCMAKE_INSTALL_PREFIX=/home/nvidia/mkmini_ws/install/yhs_can_control
[5.550s] DEBUG:colcon.colcon_core.event_handler.log_command:Invoked command in '/home/nvidia/mkmini_ws/build/yhs_can_control' returned '0': AMENT_PREFIX_PATH=/home/nvidia/mkmini_ws/install/yhs_can_interfaces:${AMENT_PREFIX_PATH} CMAKE_PREFIX_PATH=/home/nvidia/mkmini_ws/install/yhs_can_interfaces:/home/nvidia/5.1-ros2_ws/install/yhs_can_control:/home/nvidia/5.1-ros2_ws/install/yhs_can_interfaces:/home/nvidia/ros2_ws/install/yhs_chassis_description:/home/nvidia/ros2_ws/install/ai_imu_dr_ros:/opt/ros/humble LD_LIBRARY_PATH=/home/nvidia/mkmini_ws/install/yhs_can_interfaces/lib:${LD_LIBRARY_PATH} NX_CONNECTION=192.168.31.185 60693 192.168.31.39 4000 PYTHONPATH=/home/nvidia/mkmini_ws/install/yhs_can_interfaces/local/lib/python3.10/dist-packages:${PYTHONPATH} /usr/bin/cmake /home/nvidia/mkmini_ws/src/MK-mini-ros2/yhs_can_control -DCMAKE_INSTALL_PREFIX=/home/nvidia/mkmini_ws/install/yhs_can_control
[5.551s] DEBUG:colcon.colcon_core.event_handler.log_command:Invoking command in '/home/nvidia/mkmini_ws/build/yhs_can_control': AMENT_PREFIX_PATH=/home/nvidia/mkmini_ws/install/yhs_can_interfaces:${AMENT_PREFIX_PATH} CMAKE_PREFIX_PATH=/home/nvidia/mkmini_ws/install/yhs_can_interfaces:/home/nvidia/5.1-ros2_ws/install/yhs_can_control:/home/nvidia/5.1-ros2_ws/install/yhs_can_interfaces:/home/nvidia/ros2_ws/install/yhs_chassis_description:/home/nvidia/ros2_ws/install/ai_imu_dr_ros:/opt/ros/humble LD_LIBRARY_PATH=/home/nvidia/mkmini_ws/install/yhs_can_interfaces/lib:${LD_LIBRARY_PATH} NX_CONNECTION=192.168.31.185 60693 192.168.31.39 4000 PYTHONPATH=/home/nvidia/mkmini_ws/install/yhs_can_interfaces/local/lib/python3.10/dist-packages:${PYTHONPATH} /usr/bin/cmake --build /home/nvidia/mkmini_ws/build/yhs_can_control -- -j20 -l20
[12.900s] DEBUG:colcon.colcon_core.event_handler.log_command:Invoked command in '/home/nvidia/mkmini_ws/build/yhs_can_control' returned '0': AMENT_PREFIX_PATH=/home/nvidia/mkmini_ws/install/yhs_can_interfaces:${AMENT_PREFIX_PATH} CMAKE_PREFIX_PATH=/home/nvidia/mkmini_ws/install/yhs_can_interfaces:/home/nvidia/5.1-ros2_ws/install/yhs_can_control:/home/nvidia/5.1-ros2_ws/install/yhs_can_interfaces:/home/nvidia/ros2_ws/install/yhs_chassis_description:/home/nvidia/ros2_ws/install/ai_imu_dr_ros:/opt/ros/humble LD_LIBRARY_PATH=/home/nvidia/mkmini_ws/install/yhs_can_interfaces/lib:${LD_LIBRARY_PATH} NX_CONNECTION=192.168.31.185 60693 192.168.31.39 4000 PYTHONPATH=/home/nvidia/mkmini_ws/install/yhs_can_interfaces/local/lib/python3.10/dist-packages:${PYTHONPATH} /usr/bin/cmake --build /home/nvidia/mkmini_ws/build/yhs_can_control -- -j20 -l20
[12.901s] DEBUG:colcon.colcon_core.event_handler.log_command:Invoking command in '/home/nvidia/mkmini_ws/build/yhs_can_control': AMENT_PREFIX_PATH=/home/nvidia/mkmini_ws/install/yhs_can_interfaces:${AMENT_PREFIX_PATH} CMAKE_PREFIX_PATH=/home/nvidia/mkmini_ws/install/yhs_can_interfaces:/home/nvidia/5.1-ros2_ws/install/yhs_can_control:/home/nvidia/5.1-ros2_ws/install/yhs_can_interfaces:/home/nvidia/ros2_ws/install/yhs_chassis_description:/home/nvidia/ros2_ws/install/ai_imu_dr_ros:/opt/ros/humble LD_LIBRARY_PATH=/home/nvidia/mkmini_ws/install/yhs_can_interfaces/lib:${LD_LIBRARY_PATH} NX_CONNECTION=192.168.31.185 60693 192.168.31.39 4000 PYTHONPATH=/home/nvidia/mkmini_ws/install/yhs_can_interfaces/local/lib/python3.10/dist-packages:${PYTHONPATH} /usr/bin/cmake --install /home/nvidia/mkmini_ws/build/yhs_can_control
[12.909s] Level 1:colcon.colcon_core.environment:create_environment_scripts_only(yhs_can_control)
[12.909s] Level 1:colcon.colcon_core.environment:checking '/home/nvidia/mkmini_ws/install/yhs_can_control' for CMake module files
[12.909s] DEBUG:colcon.colcon_core.event_handler.log_command:Invoked command in '/home/nvidia/mkmini_ws/build/yhs_can_control' returned '0': AMENT_PREFIX_PATH=/home/nvidia/mkmini_ws/install/yhs_can_interfaces:${AMENT_PREFIX_PATH} CMAKE_PREFIX_PATH=/home/nvidia/mkmini_ws/install/yhs_can_interfaces:/home/nvidia/5.1-ros2_ws/install/yhs_can_control:/home/nvidia/5.1-ros2_ws/install/yhs_can_interfaces:/home/nvidia/ros2_ws/install/yhs_chassis_description:/home/nvidia/ros2_ws/install/ai_imu_dr_ros:/opt/ros/humble LD_LIBRARY_PATH=/home/nvidia/mkmini_ws/install/yhs_can_interfaces/lib:${LD_LIBRARY_PATH} NX_CONNECTION=192.168.31.185 60693 192.168.31.39 4000 PYTHONPATH=/home/nvidia/mkmini_ws/install/yhs_can_interfaces/local/lib/python3.10/dist-packages:${PYTHONPATH} /usr/bin/cmake --install /home/nvidia/mkmini_ws/build/yhs_can_control
[12.909s] Level 1:colcon.colcon_core.environment:checking '/home/nvidia/mkmini_ws/install/yhs_can_control' for CMake config files
[12.909s] Level 1:colcon.colcon_core.shell:create_environment_hook('yhs_can_control', 'cmake_prefix_path')
[12.910s] INFO:colcon.colcon_core.shell:Creating environment hook '/home/nvidia/mkmini_ws/install/yhs_can_control/share/yhs_can_control/hook/cmake_prefix_path.ps1'
[12.910s] INFO:colcon.colcon_core.shell:Creating environment descriptor '/home/nvidia/mkmini_ws/install/yhs_can_control/share/yhs_can_control/hook/cmake_prefix_path.dsv'
[12.910s] INFO:colcon.colcon_core.shell:Creating environment hook '/home/nvidia/mkmini_ws/install/yhs_can_control/share/yhs_can_control/hook/cmake_prefix_path.sh'
[12.910s] Level 1:colcon.colcon_core.environment:checking '/home/nvidia/mkmini_ws/install/yhs_can_control/lib'
[12.911s] Level 1:colcon.colcon_core.environment:checking '/home/nvidia/mkmini_ws/install/yhs_can_control/bin'
[12.911s] Level 1:colcon.colcon_core.environment:checking '/home/nvidia/mkmini_ws/install/yhs_can_control/lib/pkgconfig/yhs_can_control.pc'
[12.911s] Level 1:colcon.colcon_core.environment:checking '/home/nvidia/mkmini_ws/install/yhs_can_control/lib/python3.10/site-packages'
[12.911s] Level 1:colcon.colcon_core.environment:checking '/home/nvidia/mkmini_ws/install/yhs_can_control/bin'
[12.911s] INFO:colcon.colcon_core.shell:Creating package script '/home/nvidia/mkmini_ws/install/yhs_can_control/share/yhs_can_control/package.ps1'
[12.911s] INFO:colcon.colcon_core.shell:Creating package descriptor '/home/nvidia/mkmini_ws/install/yhs_can_control/share/yhs_can_control/package.dsv'
[12.912s] INFO:colcon.colcon_core.shell:Creating package script '/home/nvidia/mkmini_ws/install/yhs_can_control/share/yhs_can_control/package.sh'
[12.912s] INFO:colcon.colcon_core.shell:Creating package script '/home/nvidia/mkmini_ws/install/yhs_can_control/share/yhs_can_control/package.bash'
[12.912s] INFO:colcon.colcon_core.shell:Creating package script '/home/nvidia/mkmini_ws/install/yhs_can_control/share/yhs_can_control/package.zsh'
[12.912s] Level 1:colcon.colcon_core.environment:create_file_with_runtime_dependencies(/home/nvidia/mkmini_ws/install/yhs_can_control/share/colcon-core/packages/yhs_can_control)
[12.913s] Level 1:colcon.colcon_core.environment:create_environment_scripts_only(yhs_can_control)
[12.913s] Level 1:colcon.colcon_core.environment:checking '/home/nvidia/mkmini_ws/install/yhs_can_control' for CMake module files
[12.913s] Level 1:colcon.colcon_core.environment:checking '/home/nvidia/mkmini_ws/install/yhs_can_control' for CMake config files
[12.913s] Level 1:colcon.colcon_core.shell:create_environment_hook('yhs_can_control', 'cmake_prefix_path')
[12.913s] INFO:colcon.colcon_core.shell:Creating environment hook '/home/nvidia/mkmini_ws/install/yhs_can_control/share/yhs_can_control/hook/cmake_prefix_path.ps1'
[12.913s] INFO:colcon.colcon_core.shell:Creating environment descriptor '/home/nvidia/mkmini_ws/install/yhs_can_control/share/yhs_can_control/hook/cmake_prefix_path.dsv'
[12.914s] INFO:colcon.colcon_core.shell:Creating environment hook '/home/nvidia/mkmini_ws/install/yhs_can_control/share/yhs_can_control/hook/cmake_prefix_path.sh'
[12.914s] Level 1:colcon.colcon_core.environment:checking '/home/nvidia/mkmini_ws/install/yhs_can_control/lib'
[12.914s] Level 1:colcon.colcon_core.environment:checking '/home/nvidia/mkmini_ws/install/yhs_can_control/bin'
[12.914s] Level 1:colcon.colcon_core.environment:checking '/home/nvidia/mkmini_ws/install/yhs_can_control/lib/pkgconfig/yhs_can_control.pc'
[12.914s] Level 1:colcon.colcon_core.environment:checking '/home/nvidia/mkmini_ws/install/yhs_can_control/lib/python3.10/site-packages'
[12.914s] Level 1:colcon.colcon_core.environment:checking '/home/nvidia/mkmini_ws/install/yhs_can_control/bin'
[12.914s] INFO:colcon.colcon_core.shell:Creating package script '/home/nvidia/mkmini_ws/install/yhs_can_control/share/yhs_can_control/package.ps1'
[12.915s] INFO:colcon.colcon_core.shell:Creating package descriptor '/home/nvidia/mkmini_ws/install/yhs_can_control/share/yhs_can_control/package.dsv'
[12.915s] INFO:colcon.colcon_core.shell:Creating package script '/home/nvidia/mkmini_ws/install/yhs_can_control/share/yhs_can_control/package.sh'
[12.915s] INFO:colcon.colcon_core.shell:Creating package script '/home/nvidia/mkmini_ws/install/yhs_can_control/share/yhs_can_control/package.bash'
[12.915s] INFO:colcon.colcon_core.shell:Creating package script '/home/nvidia/mkmini_ws/install/yhs_can_control/share/yhs_can_control/package.zsh'
[12.915s] Level 1:colcon.colcon_core.environment:create_file_with_runtime_dependencies(/home/nvidia/mkmini_ws/install/yhs_can_control/share/colcon-core/packages/yhs_can_control)
[12.916s] DEBUG:colcon.colcon_parallel_executor.executor.parallel:closing loop
[12.916s] DEBUG:colcon.colcon_parallel_executor.executor.parallel:loop closed
[12.916s] DEBUG:colcon.colcon_parallel_executor.executor.parallel:run_until_complete finished with '0'
[12.916s] DEBUG:colcon.colcon_core.event_reactor:joining thread
[12.919s] INFO:colcon.colcon_core.plugin_system:Skipping extension 'colcon_notification.desktop_notification.terminal_notifier': Not used on non-Darwin systems
[12.919s] INFO:colcon.colcon_core.plugin_system:Skipping extension 'colcon_notification.desktop_notification.win32': Not used on non-Windows systems
[12.919s] INFO:colcon.colcon_notification.desktop_notification:Sending desktop notification using 'notify2'
[12.934s] DEBUG:colcon.colcon_core.event_reactor:joined thread
[12.934s] INFO:colcon.colcon_core.shell:Creating prefix script '/home/nvidia/mkmini_ws/install/local_setup.ps1'
[12.935s] INFO:colcon.colcon_core.shell:Creating prefix util module '/home/nvidia/mkmini_ws/install/_local_setup_util_ps1.py'
[12.936s] INFO:colcon.colcon_core.shell:Creating prefix chain script '/home/nvidia/mkmini_ws/install/setup.ps1'
[12.938s] INFO:colcon.colcon_core.shell:Creating prefix script '/home/nvidia/mkmini_ws/install/local_setup.sh'
[12.940s] INFO:colcon.colcon_core.shell:Creating prefix util module '/home/nvidia/mkmini_ws/install/_local_setup_util_sh.py'
[12.942s] INFO:colcon.colcon_core.shell:Creating prefix chain script '/home/nvidia/mkmini_ws/install/setup.sh'
[12.943s] INFO:colcon.colcon_core.shell:Creating prefix script '/home/nvidia/mkmini_ws/install/local_setup.bash'
[12.943s] INFO:colcon.colcon_core.shell:Creating prefix chain script '/home/nvidia/mkmini_ws/install/setup.bash'
[12.945s] INFO:colcon.colcon_core.shell:Creating prefix script '/home/nvidia/mkmini_ws/install/local_setup.zsh'
[12.945s] INFO:colcon.colcon_core.shell:Creating prefix chain script '/home/nvidia/mkmini_ws/install/setup.zsh'
