[0.005s] Invoking command in '/home/nvidia/mkmini_ws/build/yhs_can_control': AMENT_PREFIX_PATH=/home/nvidia/mkmini_ws/install/yhs_can_interfaces:${AMENT_PREFIX_PATH} CMAKE_PREFIX_PATH=/home/nvidia/mkmini_ws/install/yhs_can_interfaces:/home/nvidia/5.1-ros2_ws/install/yhs_can_control:/home/nvidia/5.1-ros2_ws/install/yhs_can_interfaces:/home/nvidia/ros2_ws/install/yhs_chassis_description:/home/nvidia/ros2_ws/install/ai_imu_dr_ros:/opt/ros/humble LD_LIBRARY_PATH=/home/nvidia/mkmini_ws/install/yhs_can_interfaces/lib:${LD_LIBRARY_PATH} NX_CONNECTION=192.168.31.185 60693 192.168.31.39 4000 PYTHONPATH=/home/nvidia/mkmini_ws/install/yhs_can_interfaces/local/lib/python3.10/dist-packages:${PYTHONPATH} /usr/bin/cmake /home/nvidia/mkmini_ws/src/MK-mini-ros2/yhs_can_control -DCMAKE_INSTALL_PREFIX=/home/nvidia/mkmini_ws/install/yhs_can_control
[0.041s] -- The C compiler identification is GNU 11.4.0
[0.081s] -- The CXX compiler identification is GNU 11.4.0
[0.085s] -- Detecting C compiler ABI info
[0.172s] -- Detecting C compiler ABI info - done
[0.177s] -- Check for working C compiler: /usr/bin/cc - skipped
[0.177s] -- Detecting C compile features
[0.177s] -- Detecting C compile features - done
[0.179s] -- Detecting CXX compiler ABI info
[0.249s] -- Detecting CXX compiler ABI info - done
[0.255s] -- Check for working CXX compiler: /usr/bin/c++ - skipped
[0.255s] -- Detecting CXX compile features
[0.256s] -- Detecting CXX compile features - done
[0.258s] -- Found ament_cmake: 1.3.12 (/opt/ros/humble/share/ament_cmake/cmake)
[0.355s] -- Found Python3: /usr/bin/python3 (found version "3.10.12") found components: Interpreter 
[0.412s] -- Found std_msgs: 4.9.0 (/opt/ros/humble/share/std_msgs/cmake)
[0.433s] -- Found rosidl_generator_c: 3.1.7 (/opt/ros/humble/share/rosidl_generator_c/cmake)
[0.436s] -- Found rosidl_adapter: 3.1.7 (/opt/ros/humble/share/rosidl_adapter/cmake)
[0.441s] -- Found rosidl_generator_cpp: 3.1.7 (/opt/ros/humble/share/rosidl_generator_cpp/cmake)
[0.449s] -- Using all available rosidl_typesupport_c: rosidl_typesupport_fastrtps_c;rosidl_typesupport_introspection_c
[0.459s] -- Using all available rosidl_typesupport_cpp: rosidl_typesupport_fastrtps_cpp;rosidl_typesupport_introspection_cpp
[0.475s] -- Found rclcpp: 16.0.15 (/opt/ros/humble/share/rclcpp/cmake)
[0.507s] -- Found rmw_implementation_cmake: 6.1.2 (/opt/ros/humble/share/rmw_implementation_cmake/cmake)
[0.509s] -- Found rmw_fastrtps_cpp: 6.2.8 (/opt/ros/humble/share/rmw_fastrtps_cpp/cmake)
[0.567s] -- Found OpenSSL: /usr/lib/x86_64-linux-gnu/libcrypto.so (found version "3.0.2")  
[0.587s] -- Found FastRTPS: /opt/ros/humble/include  
[0.611s] -- Using RMW implementation 'rmw_fastrtps_cpp' as default
[0.618s] -- Looking for pthread.h
[0.668s] -- Looking for pthread.h - found
[0.668s] -- Performing Test CMAKE_HAVE_LIBC_PTHREAD
[0.738s] -- Performing Test CMAKE_HAVE_LIBC_PTHREAD - Success
[0.739s] -- Found Threads: TRUE  
[0.777s] -- Found nav2_msgs: 1.1.18 (/opt/ros/humble/share/nav2_msgs/cmake)
[0.838s] -- Found tf2_msgs: 0.25.16 (/opt/ros/humble/share/tf2_msgs/cmake)
[0.853s] -- Found tf2_ros: 0.25.16 (/opt/ros/humble/share/tf2_ros/cmake)
[0.895s] -- Found sensor_msgs: 4.9.0 (/opt/ros/humble/share/sensor_msgs/cmake)
[0.907s] -- Found yhs_can_interfaces: 0.0.0 (/home/nvidia/mkmini_ws/install/yhs_can_interfaces/share/yhs_can_interfaces/cmake)
[0.917s] -- Found ament_lint_auto: 0.12.14 (/opt/ros/humble/share/ament_lint_auto/cmake)
[0.966s] -- Added test 'cppcheck' to perform static code analysis on C / C++ code
[0.966s] -- Configured cppcheck include dirs: $<BUILD_INTERFACE:/home/nvidia/mkmini_ws/src/MK-mini-ros2/yhs_can_control/include>
[0.966s] -- Configured cppcheck exclude dirs and/or files: 
[0.966s] -- Added test 'flake8' to check Python code syntax and style conventions
[0.966s] -- Added test 'lint_cmake' to check CMake code style
[0.966s] -- Added test 'pep257' to check Python code against some of the docstring style conventions in PEP 257
[0.967s] -- Added test 'uncrustify' to check C / C++ code style
[0.967s] -- Configured uncrustify additional arguments: 
[0.967s] -- Added test 'xmllint' to check XML markup files
[0.968s] -- Configuring done
[0.976s] -- Generating done
[0.978s] -- Build files have been written to: /home/nvidia/mkmini_ws/build/yhs_can_control
[0.985s] Invoked command in '/home/nvidia/mkmini_ws/build/yhs_can_control' returned '0': AMENT_PREFIX_PATH=/home/nvidia/mkmini_ws/install/yhs_can_interfaces:${AMENT_PREFIX_PATH} CMAKE_PREFIX_PATH=/home/nvidia/mkmini_ws/install/yhs_can_interfaces:/home/nvidia/5.1-ros2_ws/install/yhs_can_control:/home/nvidia/5.1-ros2_ws/install/yhs_can_interfaces:/home/nvidia/ros2_ws/install/yhs_chassis_description:/home/nvidia/ros2_ws/install/ai_imu_dr_ros:/opt/ros/humble LD_LIBRARY_PATH=/home/nvidia/mkmini_ws/install/yhs_can_interfaces/lib:${LD_LIBRARY_PATH} NX_CONNECTION=192.168.31.185 60693 192.168.31.39 4000 PYTHONPATH=/home/nvidia/mkmini_ws/install/yhs_can_interfaces/local/lib/python3.10/dist-packages:${PYTHONPATH} /usr/bin/cmake /home/nvidia/mkmini_ws/src/MK-mini-ros2/yhs_can_control -DCMAKE_INSTALL_PREFIX=/home/nvidia/mkmini_ws/install/yhs_can_control
[0.986s] Invoking command in '/home/nvidia/mkmini_ws/build/yhs_can_control': AMENT_PREFIX_PATH=/home/nvidia/mkmini_ws/install/yhs_can_interfaces:${AMENT_PREFIX_PATH} CMAKE_PREFIX_PATH=/home/nvidia/mkmini_ws/install/yhs_can_interfaces:/home/nvidia/5.1-ros2_ws/install/yhs_can_control:/home/nvidia/5.1-ros2_ws/install/yhs_can_interfaces:/home/nvidia/ros2_ws/install/yhs_chassis_description:/home/nvidia/ros2_ws/install/ai_imu_dr_ros:/opt/ros/humble LD_LIBRARY_PATH=/home/nvidia/mkmini_ws/install/yhs_can_interfaces/lib:${LD_LIBRARY_PATH} NX_CONNECTION=192.168.31.185 60693 192.168.31.39 4000 PYTHONPATH=/home/nvidia/mkmini_ws/install/yhs_can_interfaces/local/lib/python3.10/dist-packages:${PYTHONPATH} /usr/bin/cmake --build /home/nvidia/mkmini_ws/build/yhs_can_control -- -j20 -l20
[1.012s] [ 50%] [32mBuilding CXX object CMakeFiles/yhs_can_control_node.dir/src/yhs_can_control_node.cpp.o[0m
[7.907s] [100%] [32m[1mLinking CXX executable yhs_can_control_node[0m
[8.329s] [100%] Built target yhs_can_control_node
[8.335s] Invoked command in '/home/nvidia/mkmini_ws/build/yhs_can_control' returned '0': AMENT_PREFIX_PATH=/home/nvidia/mkmini_ws/install/yhs_can_interfaces:${AMENT_PREFIX_PATH} CMAKE_PREFIX_PATH=/home/nvidia/mkmini_ws/install/yhs_can_interfaces:/home/nvidia/5.1-ros2_ws/install/yhs_can_control:/home/nvidia/5.1-ros2_ws/install/yhs_can_interfaces:/home/nvidia/ros2_ws/install/yhs_chassis_description:/home/nvidia/ros2_ws/install/ai_imu_dr_ros:/opt/ros/humble LD_LIBRARY_PATH=/home/nvidia/mkmini_ws/install/yhs_can_interfaces/lib:${LD_LIBRARY_PATH} NX_CONNECTION=192.168.31.185 60693 192.168.31.39 4000 PYTHONPATH=/home/nvidia/mkmini_ws/install/yhs_can_interfaces/local/lib/python3.10/dist-packages:${PYTHONPATH} /usr/bin/cmake --build /home/nvidia/mkmini_ws/build/yhs_can_control -- -j20 -l20
[8.336s] Invoking command in '/home/nvidia/mkmini_ws/build/yhs_can_control': AMENT_PREFIX_PATH=/home/nvidia/mkmini_ws/install/yhs_can_interfaces:${AMENT_PREFIX_PATH} CMAKE_PREFIX_PATH=/home/nvidia/mkmini_ws/install/yhs_can_interfaces:/home/nvidia/5.1-ros2_ws/install/yhs_can_control:/home/nvidia/5.1-ros2_ws/install/yhs_can_interfaces:/home/nvidia/ros2_ws/install/yhs_chassis_description:/home/nvidia/ros2_ws/install/ai_imu_dr_ros:/opt/ros/humble LD_LIBRARY_PATH=/home/nvidia/mkmini_ws/install/yhs_can_interfaces/lib:${LD_LIBRARY_PATH} NX_CONNECTION=192.168.31.185 60693 192.168.31.39 4000 PYTHONPATH=/home/nvidia/mkmini_ws/install/yhs_can_interfaces/local/lib/python3.10/dist-packages:${PYTHONPATH} /usr/bin/cmake --install /home/nvidia/mkmini_ws/build/yhs_can_control
[8.340s] -- Install configuration: ""
[8.340s] -- Installing: /home/nvidia/mkmini_ws/install/yhs_can_control/lib/yhs_can_control/yhs_can_control_node
[8.343s] -- Set runtime path of "/home/nvidia/mkmini_ws/install/yhs_can_control/lib/yhs_can_control/yhs_can_control_node" to ""
[8.343s] -- Installing: /home/nvidia/mkmini_ws/install/yhs_can_control/share/yhs_can_control/launch
[8.343s] -- Installing: /home/nvidia/mkmini_ws/install/yhs_can_control/share/yhs_can_control/launch/yhs_can_control.launch.py
[8.343s] -- Installing: /home/nvidia/mkmini_ws/install/yhs_can_control/share/yhs_can_control/params
[8.343s] -- Installing: /home/nvidia/mkmini_ws/install/yhs_can_control/share/yhs_can_control/params/cfg.yaml
[8.343s] -- Installing: /home/nvidia/mkmini_ws/install/yhs_can_control/share/ament_index/resource_index/package_run_dependencies/yhs_can_control
[8.343s] -- Installing: /home/nvidia/mkmini_ws/install/yhs_can_control/share/ament_index/resource_index/parent_prefix_path/yhs_can_control
[8.343s] -- Installing: /home/nvidia/mkmini_ws/install/yhs_can_control/share/yhs_can_control/environment/ament_prefix_path.sh
[8.343s] -- Installing: /home/nvidia/mkmini_ws/install/yhs_can_control/share/yhs_can_control/environment/ament_prefix_path.dsv
[8.343s] -- Installing: /home/nvidia/mkmini_ws/install/yhs_can_control/share/yhs_can_control/environment/path.sh
[8.343s] -- Installing: /home/nvidia/mkmini_ws/install/yhs_can_control/share/yhs_can_control/environment/path.dsv
[8.343s] -- Installing: /home/nvidia/mkmini_ws/install/yhs_can_control/share/yhs_can_control/local_setup.bash
[8.343s] -- Installing: /home/nvidia/mkmini_ws/install/yhs_can_control/share/yhs_can_control/local_setup.sh
[8.343s] -- Installing: /home/nvidia/mkmini_ws/install/yhs_can_control/share/yhs_can_control/local_setup.zsh
[8.343s] -- Installing: /home/nvidia/mkmini_ws/install/yhs_can_control/share/yhs_can_control/local_setup.dsv
[8.343s] -- Installing: /home/nvidia/mkmini_ws/install/yhs_can_control/share/yhs_can_control/package.dsv
[8.343s] -- Installing: /home/nvidia/mkmini_ws/install/yhs_can_control/share/ament_index/resource_index/packages/yhs_can_control
[8.343s] -- Installing: /home/nvidia/mkmini_ws/install/yhs_can_control/share/yhs_can_control/cmake/yhs_can_controlConfig.cmake
[8.343s] -- Installing: /home/nvidia/mkmini_ws/install/yhs_can_control/share/yhs_can_control/cmake/yhs_can_controlConfig-version.cmake
[8.343s] -- Installing: /home/nvidia/mkmini_ws/install/yhs_can_control/share/yhs_can_control/package.xml
[8.345s] Invoked command in '/home/nvidia/mkmini_ws/build/yhs_can_control' returned '0': AMENT_PREFIX_PATH=/home/nvidia/mkmini_ws/install/yhs_can_interfaces:${AMENT_PREFIX_PATH} CMAKE_PREFIX_PATH=/home/nvidia/mkmini_ws/install/yhs_can_interfaces:/home/nvidia/5.1-ros2_ws/install/yhs_can_control:/home/nvidia/5.1-ros2_ws/install/yhs_can_interfaces:/home/nvidia/ros2_ws/install/yhs_chassis_description:/home/nvidia/ros2_ws/install/ai_imu_dr_ros:/opt/ros/humble LD_LIBRARY_PATH=/home/nvidia/mkmini_ws/install/yhs_can_interfaces/lib:${LD_LIBRARY_PATH} NX_CONNECTION=192.168.31.185 60693 192.168.31.39 4000 PYTHONPATH=/home/nvidia/mkmini_ws/install/yhs_can_interfaces/local/lib/python3.10/dist-packages:${PYTHONPATH} /usr/bin/cmake --install /home/nvidia/mkmini_ws/build/yhs_can_control
