[0.008s] Invoking command in '/home/nvidia/mkmini_ws/build/yhs_can_interfaces': CMAKE_PREFIX_PATH=${CMAKE_PREFIX_PATH}:/home/nvidia/ros2_ws/install/ai_imu_dr_ros:/opt/ros/humble NX_CONNECTION=192.168.31.185 60693 192.168.31.39 4000 /usr/bin/cmake /home/nvidia/mkmini_ws/src/MK-mini-ros2/yhs_can_interfaces -DCMAKE_INSTALL_PREFIX=/home/nvidia/mkmini_ws/install/yhs_can_interfaces
[0.140s] -- The C compiler identification is GNU 11.4.0
[0.250s] -- The CXX compiler identification is GNU 11.4.0
[0.256s] -- Detecting C compiler ABI info
[0.297s] -- Detecting C compiler ABI info - done
[0.302s] -- Check for working C compiler: /usr/bin/cc - skipped
[0.303s] -- Detecting C compile features
[0.303s] -- Detecting C compile features - done
[0.305s] -- Detecting CXX compiler ABI info
[0.353s] -- Detecting CXX compiler ABI info - done
[0.359s] -- Check for working CXX compiler: /usr/bin/c++ - skipped
[0.360s] -- Detecting CXX compile features
[0.360s] -- Detecting CXX compile features - done
[0.362s] -- Found ament_cmake: 1.3.12 (/opt/ros/humble/share/ament_cmake/cmake)
[0.457s] -- Found Python3: /usr/bin/python3 (found version "3.10.12") found components: Interpreter 
[0.518s] -- Found rosidl_default_generators: 1.2.0 (/opt/ros/humble/share/rosidl_default_generators/cmake)
[0.521s] -- Using all available rosidl_typesupport_c: rosidl_typesupport_fastrtps_c;rosidl_typesupport_introspection_c
[0.526s] -- Found rosidl_adapter: 3.1.7 (/opt/ros/humble/share/rosidl_adapter/cmake)
[0.558s] -- Using all available rosidl_typesupport_cpp: rosidl_typesupport_fastrtps_cpp;rosidl_typesupport_introspection_cpp
[0.584s] -- Found std_msgs: 4.9.0 (/opt/ros/humble/share/std_msgs/cmake)
[0.802s] -- Found ament_cmake_ros: 0.10.0 (/opt/ros/humble/share/ament_cmake_ros/cmake)
[0.950s] -- Using all available rosidl_typesupport_c: rosidl_typesupport_fastrtps_c;rosidl_typesupport_introspection_c
[1.144s] -- Using all available rosidl_typesupport_cpp: rosidl_typesupport_fastrtps_cpp;rosidl_typesupport_introspection_cpp
[1.161s] -- Found PythonInterp: /usr/bin/python3 (found suitable version "3.10.12", minimum required is "3.6") 
[1.163s] -- Found python_cmake_module: 0.10.0 (/opt/ros/humble/share/python_cmake_module/cmake)
[1.182s] -- Found PythonLibs: /usr/lib/x86_64-linux-gnu/libpython3.10.so (found suitable version "3.10.12", minimum required is "3.5") 
[1.182s] -- Using PYTHON_EXECUTABLE: /usr/bin/python3
[1.182s] -- Using PYTHON_INCLUDE_DIRS: /usr/include/python3.10
[1.183s] -- Using PYTHON_LIBRARIES: /usr/lib/x86_64-linux-gnu/libpython3.10.so
[1.195s] -- Found PythonExtra: .so  
[1.236s] -- Found ament_lint_auto: 0.12.14 (/opt/ros/humble/share/ament_lint_auto/cmake)
[1.250s] -- Added test 'copyright' to check source files copyright and LICENSE
[1.251s] -- Added test 'lint_cmake' to check CMake code style
[1.251s] -- Added test 'xmllint' to check XML markup files
[1.252s] -- Configuring done
[1.279s] -- Generating done
[1.286s] -- Build files have been written to: /home/nvidia/mkmini_ws/build/yhs_can_interfaces
[1.291s] Invoked command in '/home/nvidia/mkmini_ws/build/yhs_can_interfaces' returned '0': CMAKE_PREFIX_PATH=${CMAKE_PREFIX_PATH}:/home/nvidia/ros2_ws/install/ai_imu_dr_ros:/opt/ros/humble NX_CONNECTION=192.168.31.185 60693 192.168.31.39 4000 /usr/bin/cmake /home/nvidia/mkmini_ws/src/MK-mini-ros2/yhs_can_interfaces -DCMAKE_INSTALL_PREFIX=/home/nvidia/mkmini_ws/install/yhs_can_interfaces
[1.291s] Invoking command in '/home/nvidia/mkmini_ws/build/yhs_can_interfaces': CMAKE_PREFIX_PATH=${CMAKE_PREFIX_PATH}:/home/nvidia/ros2_ws/install/ai_imu_dr_ros:/opt/ros/humble NX_CONNECTION=192.168.31.185 60693 192.168.31.39 4000 /usr/bin/cmake --build /home/nvidia/mkmini_ws/build/yhs_can_interfaces -- -j20 -l20
[1.313s] [  1%] [34m[1mGenerating C code for ROS interfaces[0m
[1.319s] [  1%] [34m[1mGenerating C++ code for ROS interfaces[0m
[1.322s] [  1%] Built target ament_cmake_python_copy_yhs_can_interfaces
[1.459s] running egg_info
[1.460s] creating yhs_can_interfaces.egg-info
[1.460s] writing yhs_can_interfaces.egg-info/PKG-INFO
[1.460s] writing dependency_links to yhs_can_interfaces.egg-info/dependency_links.txt
[1.460s] writing top-level names to yhs_can_interfaces.egg-info/top_level.txt
[1.460s] writing manifest file 'yhs_can_interfaces.egg-info/SOURCES.txt'
[1.462s] reading manifest file 'yhs_can_interfaces.egg-info/SOURCES.txt'
[1.462s] writing manifest file 'yhs_can_interfaces.egg-info/SOURCES.txt'
[1.477s] [  1%] Built target ament_cmake_python_build_yhs_can_interfaces_egg
[1.782s] [  1%] Built target yhs_can_interfaces__cpp
[1.784s] [  2%] [32mBuilding C object CMakeFiles/yhs_can_interfaces__rosidl_generator_c.dir/rosidl_generator_c/yhs_can_interfaces/msg/detail/bms_info_fb__functions.c.o[0m
[1.786s] [  4%] [32mBuilding C object CMakeFiles/yhs_can_interfaces__rosidl_generator_c.dir/rosidl_generator_c/yhs_can_interfaces/msg/detail/ctrl_cmd__functions.c.o[0m
[1.786s] [  8%] [32mBuilding C object CMakeFiles/yhs_can_interfaces__rosidl_generator_c.dir/rosidl_generator_c/yhs_can_interfaces/msg/detail/ctrl_fb__functions.c.o[0m
[1.786s] [  8%] [32mBuilding C object CMakeFiles/yhs_can_interfaces__rosidl_generator_c.dir/rosidl_generator_c/yhs_can_interfaces/msg/detail/io_cmd__functions.c.o[0m
[1.786s] [  8%] [32mBuilding C object CMakeFiles/yhs_can_interfaces__rosidl_generator_c.dir/rosidl_generator_c/yhs_can_interfaces/msg/detail/bms_flag_info_fb__functions.c.o[0m
[1.786s] [  9%] [32mBuilding C object CMakeFiles/yhs_can_interfaces__rosidl_generator_c.dir/rosidl_generator_c/yhs_can_interfaces/msg/detail/veh_diag_fb__functions.c.o[0m
[1.786s] [  9%] [32mBuilding C object CMakeFiles/yhs_can_interfaces__rosidl_generator_c.dir/rosidl_generator_c/yhs_can_interfaces/msg/detail/chassis_info_fb__functions.c.o[0m
[1.786s] [  9%] [32mBuilding C object CMakeFiles/yhs_can_interfaces__rosidl_generator_c.dir/rosidl_generator_c/yhs_can_interfaces/msg/detail/drive_mcu_ecode_fb__functions.c.o[0m
[1.786s] [  8%] [32mBuilding C object CMakeFiles/yhs_can_interfaces__rosidl_generator_c.dir/rosidl_generator_c/yhs_can_interfaces/msg/detail/io_fb__functions.c.o[0m
[1.786s] [ 10%] [32mBuilding C object CMakeFiles/yhs_can_interfaces__rosidl_generator_c.dir/rosidl_generator_c/yhs_can_interfaces/msg/detail/lr_wheel_fb__functions.c.o[0m
[1.786s] [ 11%] [32mBuilding C object CMakeFiles/yhs_can_interfaces__rosidl_generator_c.dir/rosidl_generator_c/yhs_can_interfaces/msg/detail/rr_wheel_fb__functions.c.o[0m
[1.787s] [ 12%] [34m[1mGenerating C++ type support dispatch for ROS interfaces[0m
[1.788s] [ 12%] [34m[1mGenerating C++ type support for eProsima Fast-RTPS[0m
[1.788s] [ 13%] [34m[1mGenerating C++ introspection for ROS interfaces[0m
[1.832s] [ 14%] [32m[1mLinking C shared library libyhs_can_interfaces__rosidl_generator_c.so[0m
[1.856s] [ 14%] Built target yhs_can_interfaces__rosidl_generator_c
[1.862s] [ 16%] [34m[1mGenerating C type support dispatch for ROS interfaces[0m
[1.862s] [ 16%] [34m[1mGenerating C type support for eProsima Fast-RTPS[0m
[1.862s] [ 17%] [34m[1mGenerating C introspection for ROS interfaces[0m
[2.072s] [ 18%] [32mBuilding CXX object CMakeFiles/yhs_can_interfaces__rosidl_typesupport_cpp.dir/rosidl_typesupport_cpp/yhs_can_interfaces/msg/chassis_info_fb__type_support.cpp.o[0m
[2.072s] [ 19%] [32mBuilding CXX object CMakeFiles/yhs_can_interfaces__rosidl_typesupport_cpp.dir/rosidl_typesupport_cpp/yhs_can_interfaces/msg/bms_flag_info_fb__type_support.cpp.o[0m
[2.072s] [ 20%] [32mBuilding CXX object CMakeFiles/yhs_can_interfaces__rosidl_typesupport_cpp.dir/rosidl_typesupport_cpp/yhs_can_interfaces/msg/bms_info_fb__type_support.cpp.o[0m
[2.073s] [ 21%] [32mBuilding CXX object CMakeFiles/yhs_can_interfaces__rosidl_typesupport_cpp.dir/rosidl_typesupport_cpp/yhs_can_interfaces/msg/ctrl_fb__type_support.cpp.o[0m
[2.073s] [ 22%] [32mBuilding CXX object CMakeFiles/yhs_can_interfaces__rosidl_typesupport_cpp.dir/rosidl_typesupport_cpp/yhs_can_interfaces/msg/ctrl_cmd__type_support.cpp.o[0m
[2.073s] [ 23%] [32mBuilding CXX object CMakeFiles/yhs_can_interfaces__rosidl_typesupport_cpp.dir/rosidl_typesupport_cpp/yhs_can_interfaces/msg/drive_mcu_ecode_fb__type_support.cpp.o[0m
[2.074s] [ 24%] [32mBuilding CXX object CMakeFiles/yhs_can_interfaces__rosidl_typesupport_cpp.dir/rosidl_typesupport_cpp/yhs_can_interfaces/msg/io_cmd__type_support.cpp.o[0m
[2.074s] [ 24%] [32mBuilding CXX object CMakeFiles/yhs_can_interfaces__rosidl_typesupport_cpp.dir/rosidl_typesupport_cpp/yhs_can_interfaces/msg/io_fb__type_support.cpp.o[0m
[2.074s] [ 25%] [32mBuilding CXX object CMakeFiles/yhs_can_interfaces__rosidl_typesupport_cpp.dir/rosidl_typesupport_cpp/yhs_can_interfaces/msg/lr_wheel_fb__type_support.cpp.o[0m
[2.074s] [ 26%] [32mBuilding CXX object CMakeFiles/yhs_can_interfaces__rosidl_typesupport_cpp.dir/rosidl_typesupport_cpp/yhs_can_interfaces/msg/veh_diag_fb__type_support.cpp.o[0m
[2.074s] [ 27%] [32mBuilding CXX object CMakeFiles/yhs_can_interfaces__rosidl_typesupport_cpp.dir/rosidl_typesupport_cpp/yhs_can_interfaces/msg/rr_wheel_fb__type_support.cpp.o[0m
[2.157s] [ 28%] [32mBuilding CXX object CMakeFiles/yhs_can_interfaces__rosidl_typesupport_introspection_cpp.dir/rosidl_typesupport_introspection_cpp/yhs_can_interfaces/msg/detail/ctrl_fb__type_support.cpp.o[0m
[2.157s] [ 28%] [32mBuilding CXX object CMakeFiles/yhs_can_interfaces__rosidl_typesupport_introspection_cpp.dir/rosidl_typesupport_introspection_cpp/yhs_can_interfaces/msg/detail/bms_info_fb__type_support.cpp.o[0m
[2.157s] [ 29%] [32mBuilding CXX object CMakeFiles/yhs_can_interfaces__rosidl_typesupport_introspection_cpp.dir/rosidl_typesupport_introspection_cpp/yhs_can_interfaces/msg/detail/ctrl_cmd__type_support.cpp.o[0m
[2.157s] [ 30%] [32mBuilding CXX object CMakeFiles/yhs_can_interfaces__rosidl_typesupport_introspection_cpp.dir/rosidl_typesupport_introspection_cpp/yhs_can_interfaces/msg/detail/chassis_info_fb__type_support.cpp.o[0m
[2.157s] [ 31%] [32mBuilding CXX object CMakeFiles/yhs_can_interfaces__rosidl_typesupport_introspection_cpp.dir/rosidl_typesupport_introspection_cpp/yhs_can_interfaces/msg/detail/bms_flag_info_fb__type_support.cpp.o[0m
[2.262s] [ 32%] [32mBuilding CXX object CMakeFiles/yhs_can_interfaces__rosidl_typesupport_c.dir/rosidl_typesupport_c/yhs_can_interfaces/msg/bms_flag_info_fb__type_support.cpp.o[0m
[2.288s] [ 33%] [32mBuilding CXX object CMakeFiles/yhs_can_interfaces__rosidl_typesupport_c.dir/rosidl_typesupport_c/yhs_can_interfaces/msg/bms_info_fb__type_support.cpp.o[0m
[2.324s] [ 33%] [32mBuilding CXX object CMakeFiles/yhs_can_interfaces__rosidl_typesupport_c.dir/rosidl_typesupport_c/yhs_can_interfaces/msg/chassis_info_fb__type_support.cpp.o[0m
[2.325s] [ 34%] [32mBuilding CXX object CMakeFiles/yhs_can_interfaces__rosidl_typesupport_c.dir/rosidl_typesupport_c/yhs_can_interfaces/msg/ctrl_cmd__type_support.cpp.o[0m
[2.327s] [ 35%] [32mBuilding CXX object CMakeFiles/yhs_can_interfaces__rosidl_typesupport_introspection_cpp.dir/rosidl_typesupport_introspection_cpp/yhs_can_interfaces/msg/detail/drive_mcu_ecode_fb__type_support.cpp.o[0m
[2.327s] [ 36%] [32mBuilding CXX object CMakeFiles/yhs_can_interfaces__rosidl_typesupport_c.dir/rosidl_typesupport_c/yhs_can_interfaces/msg/ctrl_fb__type_support.cpp.o[0m
[2.328s] [ 37%] [32mBuilding CXX object CMakeFiles/yhs_can_interfaces__rosidl_typesupport_c.dir/rosidl_typesupport_c/yhs_can_interfaces/msg/drive_mcu_ecode_fb__type_support.cpp.o[0m
[2.330s] [ 38%] [32mBuilding CXX object CMakeFiles/yhs_can_interfaces__rosidl_typesupport_introspection_cpp.dir/rosidl_typesupport_introspection_cpp/yhs_can_interfaces/msg/detail/io_cmd__type_support.cpp.o[0m
[2.330s] [ 39%] [32mBuilding CXX object CMakeFiles/yhs_can_interfaces__rosidl_typesupport_introspection_cpp.dir/rosidl_typesupport_introspection_cpp/yhs_can_interfaces/msg/detail/io_fb__type_support.cpp.o[0m
[2.350s] [ 40%] [32mBuilding CXX object CMakeFiles/yhs_can_interfaces__rosidl_typesupport_c.dir/rosidl_typesupport_c/yhs_can_interfaces/msg/io_cmd__type_support.cpp.o[0m
[2.350s] [ 41%] [32mBuilding CXX object CMakeFiles/yhs_can_interfaces__rosidl_typesupport_introspection_cpp.dir/rosidl_typesupport_introspection_cpp/yhs_can_interfaces/msg/detail/lr_wheel_fb__type_support.cpp.o[0m
[2.354s] [ 42%] [32m[1mLinking CXX shared library libyhs_can_interfaces__rosidl_typesupport_cpp.so[0m
[2.354s] [ 43%] [32mBuilding CXX object CMakeFiles/yhs_can_interfaces__rosidl_typesupport_c.dir/rosidl_typesupport_c/yhs_can_interfaces/msg/io_fb__type_support.cpp.o[0m
[2.360s] [ 44%] [32mBuilding CXX object CMakeFiles/yhs_can_interfaces__rosidl_typesupport_introspection_cpp.dir/rosidl_typesupport_introspection_cpp/yhs_can_interfaces/msg/detail/rr_wheel_fb__type_support.cpp.o[0m
[2.363s] [ 46%] [32mBuilding CXX object CMakeFiles/yhs_can_interfaces__rosidl_typesupport_c.dir/rosidl_typesupport_c/yhs_can_interfaces/msg/lr_wheel_fb__type_support.cpp.o[0m
[2.363s] [ 46%] [32mBuilding CXX object CMakeFiles/yhs_can_interfaces__rosidl_typesupport_introspection_cpp.dir/rosidl_typesupport_introspection_cpp/yhs_can_interfaces/msg/detail/veh_diag_fb__type_support.cpp.o[0m
[2.366s] [ 47%] [32mBuilding CXX object CMakeFiles/yhs_can_interfaces__rosidl_typesupport_fastrtps_cpp.dir/rosidl_typesupport_fastrtps_cpp/yhs_can_interfaces/msg/detail/dds_fastrtps/bms_flag_info_fb__type_support.cpp.o[0m
[2.372s] [ 49%] [32mBuilding CXX object CMakeFiles/yhs_can_interfaces__rosidl_typesupport_fastrtps_cpp.dir/rosidl_typesupport_fastrtps_cpp/yhs_can_interfaces/msg/detail/dds_fastrtps/bms_info_fb__type_support.cpp.o[0m
[2.372s] [ 49%] [32mBuilding CXX object CMakeFiles/yhs_can_interfaces__rosidl_typesupport_fastrtps_cpp.dir/rosidl_typesupport_fastrtps_cpp/yhs_can_interfaces/msg/detail/dds_fastrtps/chassis_info_fb__type_support.cpp.o[0m
[2.385s] [ 50%] [32mBuilding CXX object CMakeFiles/yhs_can_interfaces__rosidl_typesupport_c.dir/rosidl_typesupport_c/yhs_can_interfaces/msg/rr_wheel_fb__type_support.cpp.o[0m
[2.390s] [ 50%] Built target yhs_can_interfaces__rosidl_typesupport_cpp
[2.391s] [ 51%] [32mBuilding CXX object CMakeFiles/yhs_can_interfaces__rosidl_typesupport_c.dir/rosidl_typesupport_c/yhs_can_interfaces/msg/veh_diag_fb__type_support.cpp.o[0m
[2.397s] [ 52%] [32mBuilding CXX object CMakeFiles/yhs_can_interfaces__rosidl_typesupport_fastrtps_cpp.dir/rosidl_typesupport_fastrtps_cpp/yhs_can_interfaces/msg/detail/dds_fastrtps/ctrl_cmd__type_support.cpp.o[0m
[2.409s] [ 53%] [32mBuilding CXX object CMakeFiles/yhs_can_interfaces__rosidl_typesupport_fastrtps_cpp.dir/rosidl_typesupport_fastrtps_cpp/yhs_can_interfaces/msg/detail/dds_fastrtps/ctrl_fb__type_support.cpp.o[0m
[2.413s] [ 54%] [32mBuilding CXX object CMakeFiles/yhs_can_interfaces__rosidl_typesupport_fastrtps_cpp.dir/rosidl_typesupport_fastrtps_cpp/yhs_can_interfaces/msg/detail/dds_fastrtps/drive_mcu_ecode_fb__type_support.cpp.o[0m
[2.418s] [ 55%] [32m[1mLinking CXX shared library libyhs_can_interfaces__rosidl_typesupport_c.so[0m
[2.440s] [ 56%] [32mBuilding C object CMakeFiles/yhs_can_interfaces__rosidl_typesupport_introspection_c.dir/rosidl_typesupport_introspection_c/yhs_can_interfaces/msg/detail/bms_flag_info_fb__type_support.c.o[0m
[2.457s] [ 56%] Built target yhs_can_interfaces__rosidl_typesupport_c
[2.470s] [ 57%] [32mBuilding C object CMakeFiles/yhs_can_interfaces__rosidl_typesupport_introspection_c.dir/rosidl_typesupport_introspection_c/yhs_can_interfaces/msg/detail/bms_info_fb__type_support.c.o[0m
[2.474s] [ 58%] [32mBuilding C object CMakeFiles/yhs_can_interfaces__rosidl_typesupport_introspection_c.dir/rosidl_typesupport_introspection_c/yhs_can_interfaces/msg/detail/chassis_info_fb__type_support.c.o[0m
[2.493s] [ 59%] [32mBuilding CXX object CMakeFiles/yhs_can_interfaces__rosidl_typesupport_fastrtps_c.dir/rosidl_typesupport_fastrtps_c/yhs_can_interfaces/msg/detail/bms_flag_info_fb__type_support_c.cpp.o[0m
[2.502s] [ 60%] [32mBuilding C object CMakeFiles/yhs_can_interfaces__rosidl_typesupport_introspection_c.dir/rosidl_typesupport_introspection_c/yhs_can_interfaces/msg/detail/ctrl_cmd__type_support.c.o[0m
[2.514s] [ 61%] [32mBuilding CXX object CMakeFiles/yhs_can_interfaces__rosidl_typesupport_fastrtps_c.dir/rosidl_typesupport_fastrtps_c/yhs_can_interfaces/msg/detail/bms_info_fb__type_support_c.cpp.o[0m
[2.520s] [ 63%] [32mBuilding C object CMakeFiles/yhs_can_interfaces__rosidl_typesupport_introspection_c.dir/rosidl_typesupport_introspection_c/yhs_can_interfaces/msg/detail/ctrl_fb__type_support.c.o[0m
[2.520s] [ 63%] [32mBuilding CXX object CMakeFiles/yhs_can_interfaces__rosidl_typesupport_fastrtps_c.dir/rosidl_typesupport_fastrtps_c/yhs_can_interfaces/msg/detail/chassis_info_fb__type_support_c.cpp.o[0m
[2.529s] [ 64%] [32mBuilding CXX object CMakeFiles/yhs_can_interfaces__rosidl_typesupport_fastrtps_cpp.dir/rosidl_typesupport_fastrtps_cpp/yhs_can_interfaces/msg/detail/dds_fastrtps/io_cmd__type_support.cpp.o[0m
[2.550s] [ 65%] [32mBuilding C object CMakeFiles/yhs_can_interfaces__rosidl_typesupport_introspection_c.dir/rosidl_typesupport_introspection_c/yhs_can_interfaces/msg/detail/drive_mcu_ecode_fb__type_support.c.o[0m
[2.552s] [ 66%] [32mBuilding CXX object CMakeFiles/yhs_can_interfaces__rosidl_typesupport_fastrtps_c.dir/rosidl_typesupport_fastrtps_c/yhs_can_interfaces/msg/detail/ctrl_cmd__type_support_c.cpp.o[0m
[2.557s] [ 66%] [32mBuilding CXX object CMakeFiles/yhs_can_interfaces__rosidl_typesupport_fastrtps_c.dir/rosidl_typesupport_fastrtps_c/yhs_can_interfaces/msg/detail/ctrl_fb__type_support_c.cpp.o[0m
[2.563s] [ 67%] [32mBuilding CXX object CMakeFiles/yhs_can_interfaces__rosidl_typesupport_fastrtps_c.dir/rosidl_typesupport_fastrtps_c/yhs_can_interfaces/msg/detail/drive_mcu_ecode_fb__type_support_c.cpp.o[0m
[2.610s] [ 67%] [32mBuilding C object CMakeFiles/yhs_can_interfaces__rosidl_typesupport_introspection_c.dir/rosidl_typesupport_introspection_c/yhs_can_interfaces/msg/detail/io_cmd__type_support.c.o[0m
[2.644s] [ 68%] [32mBuilding C object CMakeFiles/yhs_can_interfaces__rosidl_typesupport_introspection_c.dir/rosidl_typesupport_introspection_c/yhs_can_interfaces/msg/detail/io_fb__type_support.c.o[0m
[2.677s] [ 69%] [32mBuilding C object CMakeFiles/yhs_can_interfaces__rosidl_typesupport_introspection_c.dir/rosidl_typesupport_introspection_c/yhs_can_interfaces/msg/detail/lr_wheel_fb__type_support.c.o[0m
[2.698s] [ 70%] [32mBuilding C object CMakeFiles/yhs_can_interfaces__rosidl_typesupport_introspection_c.dir/rosidl_typesupport_introspection_c/yhs_can_interfaces/msg/detail/rr_wheel_fb__type_support.c.o[0m
[2.709s] [ 71%] [32mBuilding C object CMakeFiles/yhs_can_interfaces__rosidl_typesupport_introspection_c.dir/rosidl_typesupport_introspection_c/yhs_can_interfaces/msg/detail/veh_diag_fb__type_support.c.o[0m
[2.709s] [ 72%] [32mBuilding CXX object CMakeFiles/yhs_can_interfaces__rosidl_typesupport_fastrtps_c.dir/rosidl_typesupport_fastrtps_c/yhs_can_interfaces/msg/detail/io_cmd__type_support_c.cpp.o[0m
[2.711s] [ 73%] [32mBuilding CXX object CMakeFiles/yhs_can_interfaces__rosidl_typesupport_fastrtps_c.dir/rosidl_typesupport_fastrtps_c/yhs_can_interfaces/msg/detail/io_fb__type_support_c.cpp.o[0m
[2.727s] [ 74%] [32mBuilding CXX object CMakeFiles/yhs_can_interfaces__rosidl_typesupport_fastrtps_c.dir/rosidl_typesupport_fastrtps_c/yhs_can_interfaces/msg/detail/lr_wheel_fb__type_support_c.cpp.o[0m
[2.732s] [ 75%] [32mBuilding CXX object CMakeFiles/yhs_can_interfaces__rosidl_typesupport_fastrtps_c.dir/rosidl_typesupport_fastrtps_c/yhs_can_interfaces/msg/detail/rr_wheel_fb__type_support_c.cpp.o[0m
[2.732s] [ 76%] [32mBuilding CXX object CMakeFiles/yhs_can_interfaces__rosidl_typesupport_fastrtps_cpp.dir/rosidl_typesupport_fastrtps_cpp/yhs_can_interfaces/msg/detail/dds_fastrtps/io_fb__type_support.cpp.o[0m
[2.749s] [ 77%] [32m[1mLinking CXX shared library libyhs_can_interfaces__rosidl_typesupport_introspection_cpp.so[0m
[2.755s] [ 78%] [32m[1mLinking C shared library libyhs_can_interfaces__rosidl_typesupport_introspection_c.so[0m
[2.760s] [ 79%] [32mBuilding CXX object CMakeFiles/yhs_can_interfaces__rosidl_typesupport_fastrtps_cpp.dir/rosidl_typesupport_fastrtps_cpp/yhs_can_interfaces/msg/detail/dds_fastrtps/lr_wheel_fb__type_support.cpp.o[0m
[2.766s] [ 79%] [32mBuilding CXX object CMakeFiles/yhs_can_interfaces__rosidl_typesupport_fastrtps_cpp.dir/rosidl_typesupport_fastrtps_cpp/yhs_can_interfaces/msg/detail/dds_fastrtps/rr_wheel_fb__type_support.cpp.o[0m
[2.778s] [ 80%] [32mBuilding CXX object CMakeFiles/yhs_can_interfaces__rosidl_typesupport_fastrtps_cpp.dir/rosidl_typesupport_fastrtps_cpp/yhs_can_interfaces/msg/detail/dds_fastrtps/veh_diag_fb__type_support.cpp.o[0m
[2.791s] [ 81%] [32mBuilding CXX object CMakeFiles/yhs_can_interfaces__rosidl_typesupport_fastrtps_c.dir/rosidl_typesupport_fastrtps_c/yhs_can_interfaces/msg/detail/veh_diag_fb__type_support_c.cpp.o[0m
[2.791s] [ 81%] Built target yhs_can_interfaces__rosidl_typesupport_introspection_c
[2.825s] [ 81%] Built target yhs_can_interfaces__rosidl_typesupport_introspection_cpp
[3.043s] [ 82%] [32m[1mLinking CXX shared library libyhs_can_interfaces__rosidl_typesupport_fastrtps_c.so[0m
[3.045s] [ 83%] [32m[1mLinking CXX shared library libyhs_can_interfaces__rosidl_typesupport_fastrtps_cpp.so[0m
[3.092s] [ 83%] Built target yhs_can_interfaces__rosidl_typesupport_fastrtps_c
[3.092s] [ 83%] Built target yhs_can_interfaces__rosidl_typesupport_fastrtps_cpp
[3.103s] [ 83%] Built target yhs_can_interfaces
[3.121s] [ 84%] [34m[1mGenerating Python code for ROS interfaces[0m
[3.874s] [ 84%] Built target yhs_can_interfaces__py
[3.885s] [ 85%] [32mBuilding C object CMakeFiles/yhs_can_interfaces__rosidl_generator_py.dir/rosidl_generator_py/yhs_can_interfaces/msg/_bms_flag_info_fb_s.c.o[0m
[3.885s] [ 86%] [32mBuilding C object CMakeFiles/yhs_can_interfaces__rosidl_generator_py.dir/rosidl_generator_py/yhs_can_interfaces/msg/_chassis_info_fb_s.c.o[0m
[3.885s] [ 87%] [32mBuilding C object CMakeFiles/yhs_can_interfaces__rosidl_generator_py.dir/rosidl_generator_py/yhs_can_interfaces/msg/_bms_info_fb_s.c.o[0m
[3.885s] [ 88%] [32mBuilding C object CMakeFiles/yhs_can_interfaces__rosidl_generator_py.dir/rosidl_generator_py/yhs_can_interfaces/msg/_ctrl_cmd_s.c.o[0m
[3.886s] [ 89%] [32mBuilding C object CMakeFiles/yhs_can_interfaces__rosidl_generator_py.dir/rosidl_generator_py/yhs_can_interfaces/msg/_ctrl_fb_s.c.o[0m
[3.886s] [ 89%] [32mBuilding C object CMakeFiles/yhs_can_interfaces__rosidl_generator_py.dir/rosidl_generator_py/yhs_can_interfaces/msg/_drive_mcu_ecode_fb_s.c.o[0m
[3.886s] [ 90%] [32mBuilding C object CMakeFiles/yhs_can_interfaces__rosidl_generator_py.dir/rosidl_generator_py/yhs_can_interfaces/msg/_io_cmd_s.c.o[0m
[3.887s] [ 91%] [32mBuilding C object CMakeFiles/yhs_can_interfaces__rosidl_generator_py.dir/rosidl_generator_py/yhs_can_interfaces/msg/_io_fb_s.c.o[0m
[3.888s] [ 92%] [32mBuilding C object CMakeFiles/yhs_can_interfaces__rosidl_generator_py.dir/rosidl_generator_py/yhs_can_interfaces/msg/_lr_wheel_fb_s.c.o[0m
[3.889s] [ 94%] [32mBuilding C object CMakeFiles/yhs_can_interfaces__rosidl_generator_py.dir/rosidl_generator_py/yhs_can_interfaces/msg/_veh_diag_fb_s.c.o[0m
[3.890s] [ 94%] [32mBuilding C object CMakeFiles/yhs_can_interfaces__rosidl_generator_py.dir/rosidl_generator_py/yhs_can_interfaces/msg/_rr_wheel_fb_s.c.o[0m
[3.974s] [ 95%] [32m[1mLinking C shared library rosidl_generator_py/yhs_can_interfaces/libyhs_can_interfaces__rosidl_generator_py.so[0m
[3.998s] [ 95%] Built target yhs_can_interfaces__rosidl_generator_py
[4.009s] [ 96%] [32mBuilding C object CMakeFiles/yhs_can_interfaces__rosidl_typesupport_introspection_c__pyext.dir/rosidl_generator_py/yhs_can_interfaces/_yhs_can_interfaces_s.ep.rosidl_typesupport_introspection_c.c.o[0m
[4.009s] [ 97%] [32mBuilding C object CMakeFiles/yhs_can_interfaces__rosidl_typesupport_fastrtps_c__pyext.dir/rosidl_generator_py/yhs_can_interfaces/_yhs_can_interfaces_s.ep.rosidl_typesupport_fastrtps_c.c.o[0m
[4.009s] [ 96%] [32mBuilding C object CMakeFiles/yhs_can_interfaces__rosidl_typesupport_c__pyext.dir/rosidl_generator_py/yhs_can_interfaces/_yhs_can_interfaces_s.ep.rosidl_typesupport_c.c.o[0m
[4.081s] [ 98%] [32m[1mLinking C shared library rosidl_generator_py/yhs_can_interfaces/yhs_can_interfaces_s__rosidl_typesupport_introspection_c.cpython-310-x86_64-linux-gnu.so[0m
[4.082s] [ 99%] [32m[1mLinking C shared library rosidl_generator_py/yhs_can_interfaces/yhs_can_interfaces_s__rosidl_typesupport_fastrtps_c.cpython-310-x86_64-linux-gnu.so[0m
[4.082s] [100%] [32m[1mLinking C shared library rosidl_generator_py/yhs_can_interfaces/yhs_can_interfaces_s__rosidl_typesupport_c.cpython-310-x86_64-linux-gnu.so[0m
[4.102s] [100%] Built target yhs_can_interfaces__rosidl_typesupport_introspection_c__pyext
[4.103s] [100%] Built target yhs_can_interfaces__rosidl_typesupport_fastrtps_c__pyext
[4.103s] [100%] Built target yhs_can_interfaces__rosidl_typesupport_c__pyext
[4.110s] Invoked command in '/home/nvidia/mkmini_ws/build/yhs_can_interfaces' returned '0': CMAKE_PREFIX_PATH=${CMAKE_PREFIX_PATH}:/home/nvidia/ros2_ws/install/ai_imu_dr_ros:/opt/ros/humble NX_CONNECTION=192.168.31.185 60693 192.168.31.39 4000 /usr/bin/cmake --build /home/nvidia/mkmini_ws/build/yhs_can_interfaces -- -j20 -l20
[4.112s] Invoking command in '/home/nvidia/mkmini_ws/build/yhs_can_interfaces': CMAKE_PREFIX_PATH=${CMAKE_PREFIX_PATH}:/home/nvidia/ros2_ws/install/ai_imu_dr_ros:/opt/ros/humble NX_CONNECTION=192.168.31.185 60693 192.168.31.39 4000 /usr/bin/cmake --install /home/nvidia/mkmini_ws/build/yhs_can_interfaces
[4.119s] -- Install configuration: ""
[4.119s] -- Installing: /home/nvidia/mkmini_ws/install/yhs_can_interfaces/share/ament_index/resource_index/rosidl_interfaces/yhs_can_interfaces
[4.119s] -- Installing: /home/nvidia/mkmini_ws/install/yhs_can_interfaces/include/yhs_can_interfaces/yhs_can_interfaces
[4.119s] -- Installing: /home/nvidia/mkmini_ws/install/yhs_can_interfaces/include/yhs_can_interfaces/yhs_can_interfaces/msg
[4.119s] -- Installing: /home/nvidia/mkmini_ws/install/yhs_can_interfaces/include/yhs_can_interfaces/yhs_can_interfaces/msg/rosidl_generator_c__visibility_control.h
[4.119s] -- Installing: /home/nvidia/mkmini_ws/install/yhs_can_interfaces/include/yhs_can_interfaces/yhs_can_interfaces/msg/io_fb.h
[4.119s] -- Installing: /home/nvidia/mkmini_ws/install/yhs_can_interfaces/include/yhs_can_interfaces/yhs_can_interfaces/msg/detail
[4.119s] -- Installing: /home/nvidia/mkmini_ws/install/yhs_can_interfaces/include/yhs_can_interfaces/yhs_can_interfaces/msg/detail/bms_flag_info_fb__functions.h
[4.119s] -- Installing: /home/nvidia/mkmini_ws/install/yhs_can_interfaces/include/yhs_can_interfaces/yhs_can_interfaces/msg/detail/io_cmd__functions.c
[4.119s] -- Installing: /home/nvidia/mkmini_ws/install/yhs_can_interfaces/include/yhs_can_interfaces/yhs_can_interfaces/msg/detail/bms_info_fb__functions.c
[4.119s] -- Installing: /home/nvidia/mkmini_ws/install/yhs_can_interfaces/include/yhs_can_interfaces/yhs_can_interfaces/msg/detail/io_fb__struct.h
[4.119s] -- Installing: /home/nvidia/mkmini_ws/install/yhs_can_interfaces/include/yhs_can_interfaces/yhs_can_interfaces/msg/detail/lr_wheel_fb__functions.h
[4.119s] -- Installing: /home/nvidia/mkmini_ws/install/yhs_can_interfaces/include/yhs_can_interfaces/yhs_can_interfaces/msg/detail/chassis_info_fb__functions.c
[4.119s] -- Installing: /home/nvidia/mkmini_ws/install/yhs_can_interfaces/include/yhs_can_interfaces/yhs_can_interfaces/msg/detail/bms_flag_info_fb__struct.h
[4.119s] -- Installing: /home/nvidia/mkmini_ws/install/yhs_can_interfaces/include/yhs_can_interfaces/yhs_can_interfaces/msg/detail/io_fb__functions.c
[4.120s] -- Installing: /home/nvidia/mkmini_ws/install/yhs_can_interfaces/include/yhs_can_interfaces/yhs_can_interfaces/msg/detail/bms_flag_info_fb__functions.c
[4.120s] -- Installing: /home/nvidia/mkmini_ws/install/yhs_can_interfaces/include/yhs_can_interfaces/yhs_can_interfaces/msg/detail/chassis_info_fb__functions.h
[4.120s] -- Installing: /home/nvidia/mkmini_ws/install/yhs_can_interfaces/include/yhs_can_interfaces/yhs_can_interfaces/msg/detail/lr_wheel_fb__type_support.h
[4.120s] -- Installing: /home/nvidia/mkmini_ws/install/yhs_can_interfaces/include/yhs_can_interfaces/yhs_can_interfaces/msg/detail/lr_wheel_fb__struct.h
[4.120s] -- Installing: /home/nvidia/mkmini_ws/install/yhs_can_interfaces/include/yhs_can_interfaces/yhs_can_interfaces/msg/detail/io_cmd__type_support.h
[4.120s] -- Installing: /home/nvidia/mkmini_ws/install/yhs_can_interfaces/include/yhs_can_interfaces/yhs_can_interfaces/msg/detail/lr_wheel_fb__functions.c
[4.120s] -- Installing: /home/nvidia/mkmini_ws/install/yhs_can_interfaces/include/yhs_can_interfaces/yhs_can_interfaces/msg/detail/bms_info_fb__type_support.h
[4.120s] -- Installing: /home/nvidia/mkmini_ws/install/yhs_can_interfaces/include/yhs_can_interfaces/yhs_can_interfaces/msg/detail/drive_mcu_ecode_fb__functions.c
[4.120s] -- Installing: /home/nvidia/mkmini_ws/install/yhs_can_interfaces/include/yhs_can_interfaces/yhs_can_interfaces/msg/detail/drive_mcu_ecode_fb__functions.h
[4.120s] -- Installing: /home/nvidia/mkmini_ws/install/yhs_can_interfaces/include/yhs_can_interfaces/yhs_can_interfaces/msg/detail/veh_diag_fb__functions.c
[4.120s] -- Installing: /home/nvidia/mkmini_ws/install/yhs_can_interfaces/include/yhs_can_interfaces/yhs_can_interfaces/msg/detail/rr_wheel_fb__type_support.h
[4.120s] -- Installing: /home/nvidia/mkmini_ws/install/yhs_can_interfaces/include/yhs_can_interfaces/yhs_can_interfaces/msg/detail/ctrl_fb__type_support.h
[4.120s] -- Installing: /home/nvidia/mkmini_ws/install/yhs_can_interfaces/include/yhs_can_interfaces/yhs_can_interfaces/msg/detail/chassis_info_fb__struct.h
[4.120s] -- Installing: /home/nvidia/mkmini_ws/install/yhs_can_interfaces/include/yhs_can_interfaces/yhs_can_interfaces/msg/detail/rr_wheel_fb__functions.c
[4.120s] -- Installing: /home/nvidia/mkmini_ws/install/yhs_can_interfaces/include/yhs_can_interfaces/yhs_can_interfaces/msg/detail/ctrl_fb__struct.h
[4.120s] -- Installing: /home/nvidia/mkmini_ws/install/yhs_can_interfaces/include/yhs_can_interfaces/yhs_can_interfaces/msg/detail/bms_info_fb__functions.h
[4.121s] -- Installing: /home/nvidia/mkmini_ws/install/yhs_can_interfaces/include/yhs_can_interfaces/yhs_can_interfaces/msg/detail/veh_diag_fb__struct.h
[4.121s] -- Installing: /home/nvidia/mkmini_ws/install/yhs_can_interfaces/include/yhs_can_interfaces/yhs_can_interfaces/msg/detail/rr_wheel_fb__struct.h
[4.121s] -- Installing: /home/nvidia/mkmini_ws/install/yhs_can_interfaces/include/yhs_can_interfaces/yhs_can_interfaces/msg/detail/chassis_info_fb__type_support.h
[4.121s] -- Installing: /home/nvidia/mkmini_ws/install/yhs_can_interfaces/include/yhs_can_interfaces/yhs_can_interfaces/msg/detail/rr_wheel_fb__functions.h
[4.121s] -- Installing: /home/nvidia/mkmini_ws/install/yhs_can_interfaces/include/yhs_can_interfaces/yhs_can_interfaces/msg/detail/veh_diag_fb__functions.h
[4.121s] -- Installing: /home/nvidia/mkmini_ws/install/yhs_can_interfaces/include/yhs_can_interfaces/yhs_can_interfaces/msg/detail/ctrl_cmd__struct.h
[4.121s] -- Installing: /home/nvidia/mkmini_ws/install/yhs_can_interfaces/include/yhs_can_interfaces/yhs_can_interfaces/msg/detail/ctrl_fb__functions.h
[4.121s] -- Installing: /home/nvidia/mkmini_ws/install/yhs_can_interfaces/include/yhs_can_interfaces/yhs_can_interfaces/msg/detail/bms_flag_info_fb__type_support.h
[4.121s] -- Installing: /home/nvidia/mkmini_ws/install/yhs_can_interfaces/include/yhs_can_interfaces/yhs_can_interfaces/msg/detail/drive_mcu_ecode_fb__type_support.h
[4.121s] -- Installing: /home/nvidia/mkmini_ws/install/yhs_can_interfaces/include/yhs_can_interfaces/yhs_can_interfaces/msg/detail/ctrl_cmd__functions.h
[4.121s] -- Installing: /home/nvidia/mkmini_ws/install/yhs_can_interfaces/include/yhs_can_interfaces/yhs_can_interfaces/msg/detail/io_fb__type_support.h
[4.121s] -- Installing: /home/nvidia/mkmini_ws/install/yhs_can_interfaces/include/yhs_can_interfaces/yhs_can_interfaces/msg/detail/ctrl_cmd__type_support.h
[4.121s] -- Installing: /home/nvidia/mkmini_ws/install/yhs_can_interfaces/include/yhs_can_interfaces/yhs_can_interfaces/msg/detail/ctrl_cmd__functions.c
[4.121s] -- Installing: /home/nvidia/mkmini_ws/install/yhs_can_interfaces/include/yhs_can_interfaces/yhs_can_interfaces/msg/detail/io_cmd__struct.h
[4.121s] -- Installing: /home/nvidia/mkmini_ws/install/yhs_can_interfaces/include/yhs_can_interfaces/yhs_can_interfaces/msg/detail/io_fb__functions.h
[4.121s] -- Installing: /home/nvidia/mkmini_ws/install/yhs_can_interfaces/include/yhs_can_interfaces/yhs_can_interfaces/msg/detail/bms_info_fb__struct.h
[4.121s] -- Installing: /home/nvidia/mkmini_ws/install/yhs_can_interfaces/include/yhs_can_interfaces/yhs_can_interfaces/msg/detail/io_cmd__functions.h
[4.121s] -- Installing: /home/nvidia/mkmini_ws/install/yhs_can_interfaces/include/yhs_can_interfaces/yhs_can_interfaces/msg/detail/veh_diag_fb__type_support.h
[4.121s] -- Installing: /home/nvidia/mkmini_ws/install/yhs_can_interfaces/include/yhs_can_interfaces/yhs_can_interfaces/msg/detail/drive_mcu_ecode_fb__struct.h
[4.122s] -- Installing: /home/nvidia/mkmini_ws/install/yhs_can_interfaces/include/yhs_can_interfaces/yhs_can_interfaces/msg/detail/ctrl_fb__functions.c
[4.122s] -- Installing: /home/nvidia/mkmini_ws/install/yhs_can_interfaces/include/yhs_can_interfaces/yhs_can_interfaces/msg/drive_mcu_ecode_fb.h
[4.122s] -- Installing: /home/nvidia/mkmini_ws/install/yhs_can_interfaces/include/yhs_can_interfaces/yhs_can_interfaces/msg/io_cmd.h
[4.122s] -- Installing: /home/nvidia/mkmini_ws/install/yhs_can_interfaces/include/yhs_can_interfaces/yhs_can_interfaces/msg/bms_info_fb.h
[4.122s] -- Installing: /home/nvidia/mkmini_ws/install/yhs_can_interfaces/include/yhs_can_interfaces/yhs_can_interfaces/msg/bms_flag_info_fb.h
[4.122s] -- Installing: /home/nvidia/mkmini_ws/install/yhs_can_interfaces/include/yhs_can_interfaces/yhs_can_interfaces/msg/ctrl_fb.h
[4.122s] -- Installing: /home/nvidia/mkmini_ws/install/yhs_can_interfaces/include/yhs_can_interfaces/yhs_can_interfaces/msg/veh_diag_fb.h
[4.122s] -- Installing: /home/nvidia/mkmini_ws/install/yhs_can_interfaces/include/yhs_can_interfaces/yhs_can_interfaces/msg/rr_wheel_fb.h
[4.122s] -- Installing: /home/nvidia/mkmini_ws/install/yhs_can_interfaces/include/yhs_can_interfaces/yhs_can_interfaces/msg/chassis_info_fb.h
[4.122s] -- Installing: /home/nvidia/mkmini_ws/install/yhs_can_interfaces/include/yhs_can_interfaces/yhs_can_interfaces/msg/lr_wheel_fb.h
[4.122s] -- Installing: /home/nvidia/mkmini_ws/install/yhs_can_interfaces/include/yhs_can_interfaces/yhs_can_interfaces/msg/ctrl_cmd.h
[4.122s] -- Installing: /home/nvidia/mkmini_ws/install/yhs_can_interfaces/share/yhs_can_interfaces/environment/library_path.sh
[4.122s] -- Installing: /home/nvidia/mkmini_ws/install/yhs_can_interfaces/share/yhs_can_interfaces/environment/library_path.dsv
[4.122s] -- Installing: /home/nvidia/mkmini_ws/install/yhs_can_interfaces/lib/libyhs_can_interfaces__rosidl_generator_c.so
[4.122s] -- Set runtime path of "/home/nvidia/mkmini_ws/install/yhs_can_interfaces/lib/libyhs_can_interfaces__rosidl_generator_c.so" to ""
[4.123s] -- Up-to-date: /home/nvidia/mkmini_ws/install/yhs_can_interfaces/include/yhs_can_interfaces/yhs_can_interfaces
[4.123s] -- Up-to-date: /home/nvidia/mkmini_ws/install/yhs_can_interfaces/include/yhs_can_interfaces/yhs_can_interfaces/msg
[4.123s] -- Up-to-date: /home/nvidia/mkmini_ws/install/yhs_can_interfaces/include/yhs_can_interfaces/yhs_can_interfaces/msg/detail
[4.123s] -- Installing: /home/nvidia/mkmini_ws/install/yhs_can_interfaces/include/yhs_can_interfaces/yhs_can_interfaces/msg/detail/bms_info_fb__rosidl_typesupport_fastrtps_c.h
[4.123s] -- Installing: /home/nvidia/mkmini_ws/install/yhs_can_interfaces/include/yhs_can_interfaces/yhs_can_interfaces/msg/detail/io_cmd__rosidl_typesupport_fastrtps_c.h
[4.123s] -- Installing: /home/nvidia/mkmini_ws/install/yhs_can_interfaces/include/yhs_can_interfaces/yhs_can_interfaces/msg/detail/ctrl_fb__rosidl_typesupport_fastrtps_c.h
[4.123s] -- Installing: /home/nvidia/mkmini_ws/install/yhs_can_interfaces/include/yhs_can_interfaces/yhs_can_interfaces/msg/detail/drive_mcu_ecode_fb__rosidl_typesupport_fastrtps_c.h
[4.123s] -- Installing: /home/nvidia/mkmini_ws/install/yhs_can_interfaces/include/yhs_can_interfaces/yhs_can_interfaces/msg/detail/lr_wheel_fb__rosidl_typesupport_fastrtps_c.h
[4.123s] -- Installing: /home/nvidia/mkmini_ws/install/yhs_can_interfaces/include/yhs_can_interfaces/yhs_can_interfaces/msg/detail/bms_flag_info_fb__rosidl_typesupport_fastrtps_c.h
[4.123s] -- Installing: /home/nvidia/mkmini_ws/install/yhs_can_interfaces/include/yhs_can_interfaces/yhs_can_interfaces/msg/detail/rr_wheel_fb__rosidl_typesupport_fastrtps_c.h
[4.124s] -- Installing: /home/nvidia/mkmini_ws/install/yhs_can_interfaces/include/yhs_can_interfaces/yhs_can_interfaces/msg/detail/ctrl_cmd__rosidl_typesupport_fastrtps_c.h
[4.124s] -- Installing: /home/nvidia/mkmini_ws/install/yhs_can_interfaces/include/yhs_can_interfaces/yhs_can_interfaces/msg/detail/veh_diag_fb__rosidl_typesupport_fastrtps_c.h
[4.124s] -- Installing: /home/nvidia/mkmini_ws/install/yhs_can_interfaces/include/yhs_can_interfaces/yhs_can_interfaces/msg/detail/chassis_info_fb__rosidl_typesupport_fastrtps_c.h
[4.124s] -- Installing: /home/nvidia/mkmini_ws/install/yhs_can_interfaces/include/yhs_can_interfaces/yhs_can_interfaces/msg/detail/io_fb__rosidl_typesupport_fastrtps_c.h
[4.124s] -- Installing: /home/nvidia/mkmini_ws/install/yhs_can_interfaces/include/yhs_can_interfaces/yhs_can_interfaces/msg/rosidl_typesupport_fastrtps_c__visibility_control.h
[4.124s] -- Installing: /home/nvidia/mkmini_ws/install/yhs_can_interfaces/lib/libyhs_can_interfaces__rosidl_typesupport_fastrtps_c.so
[4.124s] -- Set runtime path of "/home/nvidia/mkmini_ws/install/yhs_can_interfaces/lib/libyhs_can_interfaces__rosidl_typesupport_fastrtps_c.so" to ""
[4.124s] -- Up-to-date: /home/nvidia/mkmini_ws/install/yhs_can_interfaces/include/yhs_can_interfaces/yhs_can_interfaces
[4.124s] -- Up-to-date: /home/nvidia/mkmini_ws/install/yhs_can_interfaces/include/yhs_can_interfaces/yhs_can_interfaces/msg
[4.124s] -- Installing: /home/nvidia/mkmini_ws/install/yhs_can_interfaces/include/yhs_can_interfaces/yhs_can_interfaces/msg/rosidl_typesupport_introspection_c__visibility_control.h
[4.124s] -- Up-to-date: /home/nvidia/mkmini_ws/install/yhs_can_interfaces/include/yhs_can_interfaces/yhs_can_interfaces/msg/detail
[4.124s] -- Installing: /home/nvidia/mkmini_ws/install/yhs_can_interfaces/include/yhs_can_interfaces/yhs_can_interfaces/msg/detail/chassis_info_fb__type_support.c
[4.124s] -- Installing: /home/nvidia/mkmini_ws/install/yhs_can_interfaces/include/yhs_can_interfaces/yhs_can_interfaces/msg/detail/bms_flag_info_fb__type_support.c
[4.124s] -- Installing: /home/nvidia/mkmini_ws/install/yhs_can_interfaces/include/yhs_can_interfaces/yhs_can_interfaces/msg/detail/io_fb__rosidl_typesupport_introspection_c.h
[4.124s] -- Installing: /home/nvidia/mkmini_ws/install/yhs_can_interfaces/include/yhs_can_interfaces/yhs_can_interfaces/msg/detail/veh_diag_fb__type_support.c
[4.124s] -- Installing: /home/nvidia/mkmini_ws/install/yhs_can_interfaces/include/yhs_can_interfaces/yhs_can_interfaces/msg/detail/drive_mcu_ecode_fb__type_support.c
[4.124s] -- Installing: /home/nvidia/mkmini_ws/install/yhs_can_interfaces/include/yhs_can_interfaces/yhs_can_interfaces/msg/detail/bms_flag_info_fb__rosidl_typesupport_introspection_c.h
[4.124s] -- Installing: /home/nvidia/mkmini_ws/install/yhs_can_interfaces/include/yhs_can_interfaces/yhs_can_interfaces/msg/detail/rr_wheel_fb__rosidl_typesupport_introspection_c.h
[4.124s] -- Installing: /home/nvidia/mkmini_ws/install/yhs_can_interfaces/include/yhs_can_interfaces/yhs_can_interfaces/msg/detail/chassis_info_fb__rosidl_typesupport_introspection_c.h
[4.124s] -- Installing: /home/nvidia/mkmini_ws/install/yhs_can_interfaces/include/yhs_can_interfaces/yhs_can_interfaces/msg/detail/io_cmd__type_support.c
[4.124s] -- Installing: /home/nvidia/mkmini_ws/install/yhs_can_interfaces/include/yhs_can_interfaces/yhs_can_interfaces/msg/detail/ctrl_cmd__type_support.c
[4.124s] -- Installing: /home/nvidia/mkmini_ws/install/yhs_can_interfaces/include/yhs_can_interfaces/yhs_can_interfaces/msg/detail/bms_info_fb__rosidl_typesupport_introspection_c.h
[4.124s] -- Installing: /home/nvidia/mkmini_ws/install/yhs_can_interfaces/include/yhs_can_interfaces/yhs_can_interfaces/msg/detail/io_fb__type_support.c
[4.124s] -- Installing: /home/nvidia/mkmini_ws/install/yhs_can_interfaces/include/yhs_can_interfaces/yhs_can_interfaces/msg/detail/rr_wheel_fb__type_support.c
[4.124s] -- Installing: /home/nvidia/mkmini_ws/install/yhs_can_interfaces/include/yhs_can_interfaces/yhs_can_interfaces/msg/detail/bms_info_fb__type_support.c
[4.124s] -- Installing: /home/nvidia/mkmini_ws/install/yhs_can_interfaces/include/yhs_can_interfaces/yhs_can_interfaces/msg/detail/io_cmd__rosidl_typesupport_introspection_c.h
[4.124s] -- Installing: /home/nvidia/mkmini_ws/install/yhs_can_interfaces/include/yhs_can_interfaces/yhs_can_interfaces/msg/detail/ctrl_fb__type_support.c
[4.124s] -- Installing: /home/nvidia/mkmini_ws/install/yhs_can_interfaces/include/yhs_can_interfaces/yhs_can_interfaces/msg/detail/ctrl_fb__rosidl_typesupport_introspection_c.h
[4.125s] -- Installing: /home/nvidia/mkmini_ws/install/yhs_can_interfaces/include/yhs_can_interfaces/yhs_can_interfaces/msg/detail/veh_diag_fb__rosidl_typesupport_introspection_c.h
[4.125s] -- Installing: /home/nvidia/mkmini_ws/install/yhs_can_interfaces/include/yhs_can_interfaces/yhs_can_interfaces/msg/detail/ctrl_cmd__rosidl_typesupport_introspection_c.h
[4.125s] -- Installing: /home/nvidia/mkmini_ws/install/yhs_can_interfaces/include/yhs_can_interfaces/yhs_can_interfaces/msg/detail/lr_wheel_fb__type_support.c
[4.125s] -- Installing: /home/nvidia/mkmini_ws/install/yhs_can_interfaces/include/yhs_can_interfaces/yhs_can_interfaces/msg/detail/lr_wheel_fb__rosidl_typesupport_introspection_c.h
[4.125s] -- Installing: /home/nvidia/mkmini_ws/install/yhs_can_interfaces/include/yhs_can_interfaces/yhs_can_interfaces/msg/detail/drive_mcu_ecode_fb__rosidl_typesupport_introspection_c.h
[4.125s] -- Installing: /home/nvidia/mkmini_ws/install/yhs_can_interfaces/lib/libyhs_can_interfaces__rosidl_typesupport_introspection_c.so
[4.125s] -- Set runtime path of "/home/nvidia/mkmini_ws/install/yhs_can_interfaces/lib/libyhs_can_interfaces__rosidl_typesupport_introspection_c.so" to ""
[4.125s] -- Installing: /home/nvidia/mkmini_ws/install/yhs_can_interfaces/lib/libyhs_can_interfaces__rosidl_typesupport_c.so
[4.125s] -- Set runtime path of "/home/nvidia/mkmini_ws/install/yhs_can_interfaces/lib/libyhs_can_interfaces__rosidl_typesupport_c.so" to ""
[4.125s] -- Up-to-date: /home/nvidia/mkmini_ws/install/yhs_can_interfaces/include/yhs_can_interfaces/yhs_can_interfaces
[4.125s] -- Up-to-date: /home/nvidia/mkmini_ws/install/yhs_can_interfaces/include/yhs_can_interfaces/yhs_can_interfaces/msg
[4.125s] -- Installing: /home/nvidia/mkmini_ws/install/yhs_can_interfaces/include/yhs_can_interfaces/yhs_can_interfaces/msg/io_fb.hpp
[4.125s] -- Installing: /home/nvidia/mkmini_ws/install/yhs_can_interfaces/include/yhs_can_interfaces/yhs_can_interfaces/msg/io_cmd.hpp
[4.125s] -- Installing: /home/nvidia/mkmini_ws/install/yhs_can_interfaces/include/yhs_can_interfaces/yhs_can_interfaces/msg/bms_info_fb.hpp
[4.125s] -- Installing: /home/nvidia/mkmini_ws/install/yhs_can_interfaces/include/yhs_can_interfaces/yhs_can_interfaces/msg/ctrl_cmd.hpp
[4.125s] -- Up-to-date: /home/nvidia/mkmini_ws/install/yhs_can_interfaces/include/yhs_can_interfaces/yhs_can_interfaces/msg/detail
[4.125s] -- Installing: /home/nvidia/mkmini_ws/install/yhs_can_interfaces/include/yhs_can_interfaces/yhs_can_interfaces/msg/detail/io_fb__builder.hpp
[4.125s] -- Installing: /home/nvidia/mkmini_ws/install/yhs_can_interfaces/include/yhs_can_interfaces/yhs_can_interfaces/msg/detail/bms_flag_info_fb__builder.hpp
[4.125s] -- Installing: /home/nvidia/mkmini_ws/install/yhs_can_interfaces/include/yhs_can_interfaces/yhs_can_interfaces/msg/detail/ctrl_cmd__builder.hpp
[4.125s] -- Installing: /home/nvidia/mkmini_ws/install/yhs_can_interfaces/include/yhs_can_interfaces/yhs_can_interfaces/msg/detail/rr_wheel_fb__traits.hpp
[4.125s] -- Installing: /home/nvidia/mkmini_ws/install/yhs_can_interfaces/include/yhs_can_interfaces/yhs_can_interfaces/msg/detail/lr_wheel_fb__struct.hpp
[4.125s] -- Installing: /home/nvidia/mkmini_ws/install/yhs_can_interfaces/include/yhs_can_interfaces/yhs_can_interfaces/msg/detail/io_cmd__struct.hpp
[4.125s] -- Installing: /home/nvidia/mkmini_ws/install/yhs_can_interfaces/include/yhs_can_interfaces/yhs_can_interfaces/msg/detail/bms_info_fb__builder.hpp
[4.125s] -- Installing: /home/nvidia/mkmini_ws/install/yhs_can_interfaces/include/yhs_can_interfaces/yhs_can_interfaces/msg/detail/drive_mcu_ecode_fb__traits.hpp
[4.125s] -- Installing: /home/nvidia/mkmini_ws/install/yhs_can_interfaces/include/yhs_can_interfaces/yhs_can_interfaces/msg/detail/io_fb__type_support.hpp
[4.125s] -- Installing: /home/nvidia/mkmini_ws/install/yhs_can_interfaces/include/yhs_can_interfaces/yhs_can_interfaces/msg/detail/ctrl_cmd__traits.hpp
[4.125s] -- Installing: /home/nvidia/mkmini_ws/install/yhs_can_interfaces/include/yhs_can_interfaces/yhs_can_interfaces/msg/detail/io_cmd__type_support.hpp
[4.125s] -- Installing: /home/nvidia/mkmini_ws/install/yhs_can_interfaces/include/yhs_can_interfaces/yhs_can_interfaces/msg/detail/io_fb__struct.hpp
[4.125s] -- Installing: /home/nvidia/mkmini_ws/install/yhs_can_interfaces/include/yhs_can_interfaces/yhs_can_interfaces/msg/detail/rr_wheel_fb__struct.hpp
[4.126s] -- Installing: /home/nvidia/mkmini_ws/install/yhs_can_interfaces/include/yhs_can_interfaces/yhs_can_interfaces/msg/detail/bms_info_fb__struct.hpp
[4.126s] -- Installing: /home/nvidia/mkmini_ws/install/yhs_can_interfaces/include/yhs_can_interfaces/yhs_can_interfaces/msg/detail/io_cmd__traits.hpp
[4.126s] -- Installing: /home/nvidia/mkmini_ws/install/yhs_can_interfaces/include/yhs_can_interfaces/yhs_can_interfaces/msg/detail/veh_diag_fb__struct.hpp
[4.126s] -- Installing: /home/nvidia/mkmini_ws/install/yhs_can_interfaces/include/yhs_can_interfaces/yhs_can_interfaces/msg/detail/bms_flag_info_fb__struct.hpp
[4.126s] -- Installing: /home/nvidia/mkmini_ws/install/yhs_can_interfaces/include/yhs_can_interfaces/yhs_can_interfaces/msg/detail/veh_diag_fb__traits.hpp
[4.126s] -- Installing: /home/nvidia/mkmini_ws/install/yhs_can_interfaces/include/yhs_can_interfaces/yhs_can_interfaces/msg/detail/lr_wheel_fb__type_support.hpp
[4.126s] -- Installing: /home/nvidia/mkmini_ws/install/yhs_can_interfaces/include/yhs_can_interfaces/yhs_can_interfaces/msg/detail/veh_diag_fb__builder.hpp
[4.126s] -- Installing: /home/nvidia/mkmini_ws/install/yhs_can_interfaces/include/yhs_can_interfaces/yhs_can_interfaces/msg/detail/ctrl_cmd__type_support.hpp
[4.126s] -- Installing: /home/nvidia/mkmini_ws/install/yhs_can_interfaces/include/yhs_can_interfaces/yhs_can_interfaces/msg/detail/io_fb__traits.hpp
[4.126s] -- Installing: /home/nvidia/mkmini_ws/install/yhs_can_interfaces/include/yhs_can_interfaces/yhs_can_interfaces/msg/detail/rr_wheel_fb__type_support.hpp
[4.126s] -- Installing: /home/nvidia/mkmini_ws/install/yhs_can_interfaces/include/yhs_can_interfaces/yhs_can_interfaces/msg/detail/drive_mcu_ecode_fb__builder.hpp
[4.126s] -- Installing: /home/nvidia/mkmini_ws/install/yhs_can_interfaces/include/yhs_can_interfaces/yhs_can_interfaces/msg/detail/chassis_info_fb__struct.hpp
[4.126s] -- Installing: /home/nvidia/mkmini_ws/install/yhs_can_interfaces/include/yhs_can_interfaces/yhs_can_interfaces/msg/detail/drive_mcu_ecode_fb__type_support.hpp
[4.126s] -- Installing: /home/nvidia/mkmini_ws/install/yhs_can_interfaces/include/yhs_can_interfaces/yhs_can_interfaces/msg/detail/chassis_info_fb__type_support.hpp
[4.126s] -- Installing: /home/nvidia/mkmini_ws/install/yhs_can_interfaces/include/yhs_can_interfaces/yhs_can_interfaces/msg/detail/ctrl_fb__type_support.hpp
[4.126s] -- Installing: /home/nvidia/mkmini_ws/install/yhs_can_interfaces/include/yhs_can_interfaces/yhs_can_interfaces/msg/detail/bms_flag_info_fb__traits.hpp
[4.126s] -- Installing: /home/nvidia/mkmini_ws/install/yhs_can_interfaces/include/yhs_can_interfaces/yhs_can_interfaces/msg/detail/ctrl_cmd__struct.hpp
[4.126s] -- Installing: /home/nvidia/mkmini_ws/install/yhs_can_interfaces/include/yhs_can_interfaces/yhs_can_interfaces/msg/detail/io_cmd__builder.hpp
[4.126s] -- Installing: /home/nvidia/mkmini_ws/install/yhs_can_interfaces/include/yhs_can_interfaces/yhs_can_interfaces/msg/detail/lr_wheel_fb__builder.hpp
[4.126s] -- Installing: /home/nvidia/mkmini_ws/install/yhs_can_interfaces/include/yhs_can_interfaces/yhs_can_interfaces/msg/detail/bms_flag_info_fb__type_support.hpp
[4.126s] -- Installing: /home/nvidia/mkmini_ws/install/yhs_can_interfaces/include/yhs_can_interfaces/yhs_can_interfaces/msg/detail/ctrl_fb__builder.hpp
[4.126s] -- Installing: /home/nvidia/mkmini_ws/install/yhs_can_interfaces/include/yhs_can_interfaces/yhs_can_interfaces/msg/detail/ctrl_fb__traits.hpp
[4.126s] -- Installing: /home/nvidia/mkmini_ws/install/yhs_can_interfaces/include/yhs_can_interfaces/yhs_can_interfaces/msg/detail/bms_info_fb__traits.hpp
[4.126s] -- Installing: /home/nvidia/mkmini_ws/install/yhs_can_interfaces/include/yhs_can_interfaces/yhs_can_interfaces/msg/detail/drive_mcu_ecode_fb__struct.hpp
[4.126s] -- Installing: /home/nvidia/mkmini_ws/install/yhs_can_interfaces/include/yhs_can_interfaces/yhs_can_interfaces/msg/detail/rr_wheel_fb__builder.hpp
[4.126s] -- Installing: /home/nvidia/mkmini_ws/install/yhs_can_interfaces/include/yhs_can_interfaces/yhs_can_interfaces/msg/detail/ctrl_fb__struct.hpp
[4.126s] -- Installing: /home/nvidia/mkmini_ws/install/yhs_can_interfaces/include/yhs_can_interfaces/yhs_can_interfaces/msg/detail/chassis_info_fb__builder.hpp
[4.126s] -- Installing: /home/nvidia/mkmini_ws/install/yhs_can_interfaces/include/yhs_can_interfaces/yhs_can_interfaces/msg/detail/lr_wheel_fb__traits.hpp
[4.126s] -- Installing: /home/nvidia/mkmini_ws/install/yhs_can_interfaces/include/yhs_can_interfaces/yhs_can_interfaces/msg/detail/bms_info_fb__type_support.hpp
[4.127s] -- Installing: /home/nvidia/mkmini_ws/install/yhs_can_interfaces/include/yhs_can_interfaces/yhs_can_interfaces/msg/detail/veh_diag_fb__type_support.hpp
[4.127s] -- Installing: /home/nvidia/mkmini_ws/install/yhs_can_interfaces/include/yhs_can_interfaces/yhs_can_interfaces/msg/detail/chassis_info_fb__traits.hpp
[4.127s] -- Installing: /home/nvidia/mkmini_ws/install/yhs_can_interfaces/include/yhs_can_interfaces/yhs_can_interfaces/msg/chassis_info_fb.hpp
[4.127s] -- Installing: /home/nvidia/mkmini_ws/install/yhs_can_interfaces/include/yhs_can_interfaces/yhs_can_interfaces/msg/rosidl_generator_cpp__visibility_control.hpp
[4.127s] -- Installing: /home/nvidia/mkmini_ws/install/yhs_can_interfaces/include/yhs_can_interfaces/yhs_can_interfaces/msg/rr_wheel_fb.hpp
[4.127s] -- Installing: /home/nvidia/mkmini_ws/install/yhs_can_interfaces/include/yhs_can_interfaces/yhs_can_interfaces/msg/ctrl_fb.hpp
[4.127s] -- Installing: /home/nvidia/mkmini_ws/install/yhs_can_interfaces/include/yhs_can_interfaces/yhs_can_interfaces/msg/lr_wheel_fb.hpp
[4.127s] -- Installing: /home/nvidia/mkmini_ws/install/yhs_can_interfaces/include/yhs_can_interfaces/yhs_can_interfaces/msg/veh_diag_fb.hpp
[4.127s] -- Installing: /home/nvidia/mkmini_ws/install/yhs_can_interfaces/include/yhs_can_interfaces/yhs_can_interfaces/msg/bms_flag_info_fb.hpp
[4.127s] -- Installing: /home/nvidia/mkmini_ws/install/yhs_can_interfaces/include/yhs_can_interfaces/yhs_can_interfaces/msg/drive_mcu_ecode_fb.hpp
[4.127s] -- Up-to-date: /home/nvidia/mkmini_ws/install/yhs_can_interfaces/include/yhs_can_interfaces/yhs_can_interfaces
[4.127s] -- Up-to-date: /home/nvidia/mkmini_ws/install/yhs_can_interfaces/include/yhs_can_interfaces/yhs_can_interfaces/msg
[4.127s] -- Up-to-date: /home/nvidia/mkmini_ws/install/yhs_can_interfaces/include/yhs_can_interfaces/yhs_can_interfaces/msg/detail
[4.127s] -- Installing: /home/nvidia/mkmini_ws/install/yhs_can_interfaces/include/yhs_can_interfaces/yhs_can_interfaces/msg/detail/dds_fastrtps
[4.127s] -- Installing: /home/nvidia/mkmini_ws/install/yhs_can_interfaces/include/yhs_can_interfaces/yhs_can_interfaces/msg/detail/io_cmd__rosidl_typesupport_fastrtps_cpp.hpp
[4.127s] -- Installing: /home/nvidia/mkmini_ws/install/yhs_can_interfaces/include/yhs_can_interfaces/yhs_can_interfaces/msg/detail/chassis_info_fb__rosidl_typesupport_fastrtps_cpp.hpp
[4.127s] -- Installing: /home/nvidia/mkmini_ws/install/yhs_can_interfaces/include/yhs_can_interfaces/yhs_can_interfaces/msg/detail/veh_diag_fb__rosidl_typesupport_fastrtps_cpp.hpp
[4.127s] -- Installing: /home/nvidia/mkmini_ws/install/yhs_can_interfaces/include/yhs_can_interfaces/yhs_can_interfaces/msg/detail/rr_wheel_fb__rosidl_typesupport_fastrtps_cpp.hpp
[4.127s] -- Installing: /home/nvidia/mkmini_ws/install/yhs_can_interfaces/include/yhs_can_interfaces/yhs_can_interfaces/msg/detail/lr_wheel_fb__rosidl_typesupport_fastrtps_cpp.hpp
[4.127s] -- Installing: /home/nvidia/mkmini_ws/install/yhs_can_interfaces/include/yhs_can_interfaces/yhs_can_interfaces/msg/detail/bms_info_fb__rosidl_typesupport_fastrtps_cpp.hpp
[4.127s] -- Installing: /home/nvidia/mkmini_ws/install/yhs_can_interfaces/include/yhs_can_interfaces/yhs_can_interfaces/msg/detail/ctrl_fb__rosidl_typesupport_fastrtps_cpp.hpp
[4.127s] -- Installing: /home/nvidia/mkmini_ws/install/yhs_can_interfaces/include/yhs_can_interfaces/yhs_can_interfaces/msg/detail/bms_flag_info_fb__rosidl_typesupport_fastrtps_cpp.hpp
[4.127s] -- Installing: /home/nvidia/mkmini_ws/install/yhs_can_interfaces/include/yhs_can_interfaces/yhs_can_interfaces/msg/detail/drive_mcu_ecode_fb__rosidl_typesupport_fastrtps_cpp.hpp
[4.127s] -- Installing: /home/nvidia/mkmini_ws/install/yhs_can_interfaces/include/yhs_can_interfaces/yhs_can_interfaces/msg/detail/ctrl_cmd__rosidl_typesupport_fastrtps_cpp.hpp
[4.127s] -- Installing: /home/nvidia/mkmini_ws/install/yhs_can_interfaces/include/yhs_can_interfaces/yhs_can_interfaces/msg/detail/io_fb__rosidl_typesupport_fastrtps_cpp.hpp
[4.127s] -- Installing: /home/nvidia/mkmini_ws/install/yhs_can_interfaces/include/yhs_can_interfaces/yhs_can_interfaces/msg/rosidl_typesupport_fastrtps_cpp__visibility_control.h
[4.127s] -- Installing: /home/nvidia/mkmini_ws/install/yhs_can_interfaces/lib/libyhs_can_interfaces__rosidl_typesupport_fastrtps_cpp.so
[4.128s] -- Set runtime path of "/home/nvidia/mkmini_ws/install/yhs_can_interfaces/lib/libyhs_can_interfaces__rosidl_typesupport_fastrtps_cpp.so" to ""
[4.128s] -- Up-to-date: /home/nvidia/mkmini_ws/install/yhs_can_interfaces/include/yhs_can_interfaces/yhs_can_interfaces
[4.128s] -- Up-to-date: /home/nvidia/mkmini_ws/install/yhs_can_interfaces/include/yhs_can_interfaces/yhs_can_interfaces/msg
[4.128s] -- Up-to-date: /home/nvidia/mkmini_ws/install/yhs_can_interfaces/include/yhs_can_interfaces/yhs_can_interfaces/msg/detail
[4.128s] -- Installing: /home/nvidia/mkmini_ws/install/yhs_can_interfaces/include/yhs_can_interfaces/yhs_can_interfaces/msg/detail/io_fb__rosidl_typesupport_introspection_cpp.hpp
[4.128s] -- Installing: /home/nvidia/mkmini_ws/install/yhs_can_interfaces/include/yhs_can_interfaces/yhs_can_interfaces/msg/detail/io_cmd__type_support.cpp
[4.128s] -- Installing: /home/nvidia/mkmini_ws/install/yhs_can_interfaces/include/yhs_can_interfaces/yhs_can_interfaces/msg/detail/chassis_info_fb__type_support.cpp
[4.128s] -- Installing: /home/nvidia/mkmini_ws/install/yhs_can_interfaces/include/yhs_can_interfaces/yhs_can_interfaces/msg/detail/io_fb__type_support.cpp
[4.128s] -- Installing: /home/nvidia/mkmini_ws/install/yhs_can_interfaces/include/yhs_can_interfaces/yhs_can_interfaces/msg/detail/veh_diag_fb__rosidl_typesupport_introspection_cpp.hpp
[4.128s] -- Installing: /home/nvidia/mkmini_ws/install/yhs_can_interfaces/include/yhs_can_interfaces/yhs_can_interfaces/msg/detail/lr_wheel_fb__rosidl_typesupport_introspection_cpp.hpp
[4.128s] -- Installing: /home/nvidia/mkmini_ws/install/yhs_can_interfaces/include/yhs_can_interfaces/yhs_can_interfaces/msg/detail/lr_wheel_fb__type_support.cpp
[4.128s] -- Installing: /home/nvidia/mkmini_ws/install/yhs_can_interfaces/include/yhs_can_interfaces/yhs_can_interfaces/msg/detail/rr_wheel_fb__type_support.cpp
[4.128s] -- Installing: /home/nvidia/mkmini_ws/install/yhs_can_interfaces/include/yhs_can_interfaces/yhs_can_interfaces/msg/detail/ctrl_cmd__type_support.cpp
[4.128s] -- Installing: /home/nvidia/mkmini_ws/install/yhs_can_interfaces/include/yhs_can_interfaces/yhs_can_interfaces/msg/detail/drive_mcu_ecode_fb__rosidl_typesupport_introspection_cpp.hpp
[4.128s] -- Installing: /home/nvidia/mkmini_ws/install/yhs_can_interfaces/include/yhs_can_interfaces/yhs_can_interfaces/msg/detail/ctrl_cmd__rosidl_typesupport_introspection_cpp.hpp
[4.128s] -- Installing: /home/nvidia/mkmini_ws/install/yhs_can_interfaces/include/yhs_can_interfaces/yhs_can_interfaces/msg/detail/bms_flag_info_fb__rosidl_typesupport_introspection_cpp.hpp
[4.128s] -- Installing: /home/nvidia/mkmini_ws/install/yhs_can_interfaces/include/yhs_can_interfaces/yhs_can_interfaces/msg/detail/veh_diag_fb__type_support.cpp
[4.128s] -- Installing: /home/nvidia/mkmini_ws/install/yhs_can_interfaces/include/yhs_can_interfaces/yhs_can_interfaces/msg/detail/bms_info_fb__type_support.cpp
[4.128s] -- Installing: /home/nvidia/mkmini_ws/install/yhs_can_interfaces/include/yhs_can_interfaces/yhs_can_interfaces/msg/detail/drive_mcu_ecode_fb__type_support.cpp
[4.128s] -- Installing: /home/nvidia/mkmini_ws/install/yhs_can_interfaces/include/yhs_can_interfaces/yhs_can_interfaces/msg/detail/bms_flag_info_fb__type_support.cpp
[4.128s] -- Installing: /home/nvidia/mkmini_ws/install/yhs_can_interfaces/include/yhs_can_interfaces/yhs_can_interfaces/msg/detail/ctrl_fb__rosidl_typesupport_introspection_cpp.hpp
[4.128s] -- Installing: /home/nvidia/mkmini_ws/install/yhs_can_interfaces/include/yhs_can_interfaces/yhs_can_interfaces/msg/detail/ctrl_fb__type_support.cpp
[4.128s] -- Installing: /home/nvidia/mkmini_ws/install/yhs_can_interfaces/include/yhs_can_interfaces/yhs_can_interfaces/msg/detail/bms_info_fb__rosidl_typesupport_introspection_cpp.hpp
[4.128s] -- Installing: /home/nvidia/mkmini_ws/install/yhs_can_interfaces/include/yhs_can_interfaces/yhs_can_interfaces/msg/detail/io_cmd__rosidl_typesupport_introspection_cpp.hpp
[4.128s] -- Installing: /home/nvidia/mkmini_ws/install/yhs_can_interfaces/include/yhs_can_interfaces/yhs_can_interfaces/msg/detail/chassis_info_fb__rosidl_typesupport_introspection_cpp.hpp
[4.128s] -- Installing: /home/nvidia/mkmini_ws/install/yhs_can_interfaces/include/yhs_can_interfaces/yhs_can_interfaces/msg/detail/rr_wheel_fb__rosidl_typesupport_introspection_cpp.hpp
[4.129s] -- Installing: /home/nvidia/mkmini_ws/install/yhs_can_interfaces/lib/libyhs_can_interfaces__rosidl_typesupport_introspection_cpp.so
[4.129s] -- Set runtime path of "/home/nvidia/mkmini_ws/install/yhs_can_interfaces/lib/libyhs_can_interfaces__rosidl_typesupport_introspection_cpp.so" to ""
[4.129s] -- Installing: /home/nvidia/mkmini_ws/install/yhs_can_interfaces/lib/libyhs_can_interfaces__rosidl_typesupport_cpp.so
[4.129s] -- Set runtime path of "/home/nvidia/mkmini_ws/install/yhs_can_interfaces/lib/libyhs_can_interfaces__rosidl_typesupport_cpp.so" to ""
[4.129s] -- Installing: /home/nvidia/mkmini_ws/install/yhs_can_interfaces/share/yhs_can_interfaces/environment/pythonpath.sh
[4.129s] -- Installing: /home/nvidia/mkmini_ws/install/yhs_can_interfaces/share/yhs_can_interfaces/environment/pythonpath.dsv
[4.129s] -- Installing: /home/nvidia/mkmini_ws/install/yhs_can_interfaces/local/lib/python3.10/dist-packages/yhs_can_interfaces-0.0.0-py3.10.egg-info
[4.129s] -- Installing: /home/nvidia/mkmini_ws/install/yhs_can_interfaces/local/lib/python3.10/dist-packages/yhs_can_interfaces-0.0.0-py3.10.egg-info/PKG-INFO
[4.129s] -- Installing: /home/nvidia/mkmini_ws/install/yhs_can_interfaces/local/lib/python3.10/dist-packages/yhs_can_interfaces-0.0.0-py3.10.egg-info/SOURCES.txt
[4.129s] -- Installing: /home/nvidia/mkmini_ws/install/yhs_can_interfaces/local/lib/python3.10/dist-packages/yhs_can_interfaces-0.0.0-py3.10.egg-info/dependency_links.txt
[4.129s] -- Installing: /home/nvidia/mkmini_ws/install/yhs_can_interfaces/local/lib/python3.10/dist-packages/yhs_can_interfaces-0.0.0-py3.10.egg-info/top_level.txt
[4.129s] -- Installing: /home/nvidia/mkmini_ws/install/yhs_can_interfaces/local/lib/python3.10/dist-packages/yhs_can_interfaces
[4.129s] -- Installing: /home/nvidia/mkmini_ws/install/yhs_can_interfaces/local/lib/python3.10/dist-packages/yhs_can_interfaces/__init__.py
[4.129s] -- Installing: /home/nvidia/mkmini_ws/install/yhs_can_interfaces/local/lib/python3.10/dist-packages/yhs_can_interfaces/libyhs_can_interfaces__rosidl_generator_py.so
[4.129s] -- Installing: /home/nvidia/mkmini_ws/install/yhs_can_interfaces/local/lib/python3.10/dist-packages/yhs_can_interfaces/_yhs_can_interfaces_s.ep.rosidl_typesupport_introspection_c.c
[4.129s] -- Installing: /home/nvidia/mkmini_ws/install/yhs_can_interfaces/local/lib/python3.10/dist-packages/yhs_can_interfaces/yhs_can_interfaces_s__rosidl_typesupport_c.cpython-310-x86_64-linux-gnu.so
[4.129s] -- Installing: /home/nvidia/mkmini_ws/install/yhs_can_interfaces/local/lib/python3.10/dist-packages/yhs_can_interfaces/msg
[4.129s] -- Installing: /home/nvidia/mkmini_ws/install/yhs_can_interfaces/local/lib/python3.10/dist-packages/yhs_can_interfaces/msg/_drive_mcu_ecode_fb_s.c
[4.129s] -- Installing: /home/nvidia/mkmini_ws/install/yhs_can_interfaces/local/lib/python3.10/dist-packages/yhs_can_interfaces/msg/_rr_wheel_fb.py
[4.129s] -- Installing: /home/nvidia/mkmini_ws/install/yhs_can_interfaces/local/lib/python3.10/dist-packages/yhs_can_interfaces/msg/__init__.py
[4.130s] -- Installing: /home/nvidia/mkmini_ws/install/yhs_can_interfaces/local/lib/python3.10/dist-packages/yhs_can_interfaces/msg/_ctrl_cmd_s.c
[4.130s] -- Installing: /home/nvidia/mkmini_ws/install/yhs_can_interfaces/local/lib/python3.10/dist-packages/yhs_can_interfaces/msg/_lr_wheel_fb_s.c
[4.130s] -- Installing: /home/nvidia/mkmini_ws/install/yhs_can_interfaces/local/lib/python3.10/dist-packages/yhs_can_interfaces/msg/_veh_diag_fb_s.c
[4.130s] -- Installing: /home/nvidia/mkmini_ws/install/yhs_can_interfaces/local/lib/python3.10/dist-packages/yhs_can_interfaces/msg/_rr_wheel_fb_s.c
[4.130s] -- Installing: /home/nvidia/mkmini_ws/install/yhs_can_interfaces/local/lib/python3.10/dist-packages/yhs_can_interfaces/msg/_ctrl_fb.py
[4.130s] -- Installing: /home/nvidia/mkmini_ws/install/yhs_can_interfaces/local/lib/python3.10/dist-packages/yhs_can_interfaces/msg/_io_cmd.py
[4.130s] -- Installing: /home/nvidia/mkmini_ws/install/yhs_can_interfaces/local/lib/python3.10/dist-packages/yhs_can_interfaces/msg/_bms_flag_info_fb.py
[4.130s] -- Installing: /home/nvidia/mkmini_ws/install/yhs_can_interfaces/local/lib/python3.10/dist-packages/yhs_can_interfaces/msg/_veh_diag_fb.py
[4.130s] -- Installing: /home/nvidia/mkmini_ws/install/yhs_can_interfaces/local/lib/python3.10/dist-packages/yhs_can_interfaces/msg/_drive_mcu_ecode_fb.py
[4.130s] -- Installing: /home/nvidia/mkmini_ws/install/yhs_can_interfaces/local/lib/python3.10/dist-packages/yhs_can_interfaces/msg/_io_fb.py
[4.130s] -- Installing: /home/nvidia/mkmini_ws/install/yhs_can_interfaces/local/lib/python3.10/dist-packages/yhs_can_interfaces/msg/_lr_wheel_fb.py
[4.130s] -- Installing: /home/nvidia/mkmini_ws/install/yhs_can_interfaces/local/lib/python3.10/dist-packages/yhs_can_interfaces/msg/_ctrl_fb_s.c
[4.130s] -- Installing: /home/nvidia/mkmini_ws/install/yhs_can_interfaces/local/lib/python3.10/dist-packages/yhs_can_interfaces/msg/_chassis_info_fb_s.c
[4.130s] -- Installing: /home/nvidia/mkmini_ws/install/yhs_can_interfaces/local/lib/python3.10/dist-packages/yhs_can_interfaces/msg/_io_fb_s.c
[4.130s] -- Installing: /home/nvidia/mkmini_ws/install/yhs_can_interfaces/local/lib/python3.10/dist-packages/yhs_can_interfaces/msg/_io_cmd_s.c
[4.130s] -- Installing: /home/nvidia/mkmini_ws/install/yhs_can_interfaces/local/lib/python3.10/dist-packages/yhs_can_interfaces/msg/_ctrl_cmd.py
[4.130s] -- Installing: /home/nvidia/mkmini_ws/install/yhs_can_interfaces/local/lib/python3.10/dist-packages/yhs_can_interfaces/msg/_chassis_info_fb.py
[4.130s] -- Installing: /home/nvidia/mkmini_ws/install/yhs_can_interfaces/local/lib/python3.10/dist-packages/yhs_can_interfaces/msg/_bms_info_fb_s.c
[4.130s] -- Installing: /home/nvidia/mkmini_ws/install/yhs_can_interfaces/local/lib/python3.10/dist-packages/yhs_can_interfaces/msg/_bms_flag_info_fb_s.c
[4.130s] -- Installing: /home/nvidia/mkmini_ws/install/yhs_can_interfaces/local/lib/python3.10/dist-packages/yhs_can_interfaces/msg/_bms_info_fb.py
[4.130s] -- Installing: /home/nvidia/mkmini_ws/install/yhs_can_interfaces/local/lib/python3.10/dist-packages/yhs_can_interfaces/yhs_can_interfaces_s__rosidl_typesupport_fastrtps_c.cpython-310-x86_64-linux-gnu.so
[4.130s] -- Installing: /home/nvidia/mkmini_ws/install/yhs_can_interfaces/local/lib/python3.10/dist-packages/yhs_can_interfaces/yhs_can_interfaces_s__rosidl_typesupport_introspection_c.cpython-310-x86_64-linux-gnu.so
[4.130s] -- Installing: /home/nvidia/mkmini_ws/install/yhs_can_interfaces/local/lib/python3.10/dist-packages/yhs_can_interfaces/_yhs_can_interfaces_s.ep.rosidl_typesupport_fastrtps_c.c
[4.130s] -- Installing: /home/nvidia/mkmini_ws/install/yhs_can_interfaces/local/lib/python3.10/dist-packages/yhs_can_interfaces/_yhs_can_interfaces_s.ep.rosidl_typesupport_c.c
[4.162s] Listing '/home/nvidia/mkmini_ws/install/yhs_can_interfaces/local/lib/python3.10/dist-packages/yhs_can_interfaces'...
[4.162s] Compiling '/home/nvidia/mkmini_ws/install/yhs_can_interfaces/local/lib/python3.10/dist-packages/yhs_can_interfaces/__init__.py'...
[4.162s] Listing '/home/nvidia/mkmini_ws/install/yhs_can_interfaces/local/lib/python3.10/dist-packages/yhs_can_interfaces/msg'...
[4.162s] Compiling '/home/nvidia/mkmini_ws/install/yhs_can_interfaces/local/lib/python3.10/dist-packages/yhs_can_interfaces/msg/__init__.py'...
[4.162s] Compiling '/home/nvidia/mkmini_ws/install/yhs_can_interfaces/local/lib/python3.10/dist-packages/yhs_can_interfaces/msg/_bms_flag_info_fb.py'...
[4.162s] Compiling '/home/nvidia/mkmini_ws/install/yhs_can_interfaces/local/lib/python3.10/dist-packages/yhs_can_interfaces/msg/_bms_info_fb.py'...
[4.162s] Compiling '/home/nvidia/mkmini_ws/install/yhs_can_interfaces/local/lib/python3.10/dist-packages/yhs_can_interfaces/msg/_chassis_info_fb.py'...
[4.162s] Compiling '/home/nvidia/mkmini_ws/install/yhs_can_interfaces/local/lib/python3.10/dist-packages/yhs_can_interfaces/msg/_ctrl_cmd.py'...
[4.163s] Compiling '/home/nvidia/mkmini_ws/install/yhs_can_interfaces/local/lib/python3.10/dist-packages/yhs_can_interfaces/msg/_ctrl_fb.py'...
[4.163s] Compiling '/home/nvidia/mkmini_ws/install/yhs_can_interfaces/local/lib/python3.10/dist-packages/yhs_can_interfaces/msg/_drive_mcu_ecode_fb.py'...
[4.163s] Compiling '/home/nvidia/mkmini_ws/install/yhs_can_interfaces/local/lib/python3.10/dist-packages/yhs_can_interfaces/msg/_io_cmd.py'...
[4.163s] Compiling '/home/nvidia/mkmini_ws/install/yhs_can_interfaces/local/lib/python3.10/dist-packages/yhs_can_interfaces/msg/_io_fb.py'...
[4.163s] Compiling '/home/nvidia/mkmini_ws/install/yhs_can_interfaces/local/lib/python3.10/dist-packages/yhs_can_interfaces/msg/_lr_wheel_fb.py'...
[4.163s] Compiling '/home/nvidia/mkmini_ws/install/yhs_can_interfaces/local/lib/python3.10/dist-packages/yhs_can_interfaces/msg/_rr_wheel_fb.py'...
[4.163s] Compiling '/home/nvidia/mkmini_ws/install/yhs_can_interfaces/local/lib/python3.10/dist-packages/yhs_can_interfaces/msg/_veh_diag_fb.py'...
[4.165s] -- Installing: /home/nvidia/mkmini_ws/install/yhs_can_interfaces/local/lib/python3.10/dist-packages/yhs_can_interfaces/yhs_can_interfaces_s__rosidl_typesupport_fastrtps_c.cpython-310-x86_64-linux-gnu.so
[4.165s] -- Set runtime path of "/home/nvidia/mkmini_ws/install/yhs_can_interfaces/local/lib/python3.10/dist-packages/yhs_can_interfaces/yhs_can_interfaces_s__rosidl_typesupport_fastrtps_c.cpython-310-x86_64-linux-gnu.so" to ""
[4.165s] -- Installing: /home/nvidia/mkmini_ws/install/yhs_can_interfaces/local/lib/python3.10/dist-packages/yhs_can_interfaces/yhs_can_interfaces_s__rosidl_typesupport_introspection_c.cpython-310-x86_64-linux-gnu.so
[4.166s] -- Set runtime path of "/home/nvidia/mkmini_ws/install/yhs_can_interfaces/local/lib/python3.10/dist-packages/yhs_can_interfaces/yhs_can_interfaces_s__rosidl_typesupport_introspection_c.cpython-310-x86_64-linux-gnu.so" to ""
[4.166s] -- Installing: /home/nvidia/mkmini_ws/install/yhs_can_interfaces/local/lib/python3.10/dist-packages/yhs_can_interfaces/yhs_can_interfaces_s__rosidl_typesupport_c.cpython-310-x86_64-linux-gnu.so
[4.166s] -- Set runtime path of "/home/nvidia/mkmini_ws/install/yhs_can_interfaces/local/lib/python3.10/dist-packages/yhs_can_interfaces/yhs_can_interfaces_s__rosidl_typesupport_c.cpython-310-x86_64-linux-gnu.so" to ""
[4.166s] -- Installing: /home/nvidia/mkmini_ws/install/yhs_can_interfaces/lib/libyhs_can_interfaces__rosidl_generator_py.so
[4.166s] -- Set runtime path of "/home/nvidia/mkmini_ws/install/yhs_can_interfaces/lib/libyhs_can_interfaces__rosidl_generator_py.so" to ""
[4.166s] -- Installing: /home/nvidia/mkmini_ws/install/yhs_can_interfaces/share/yhs_can_interfaces/msg/BmsFlagInfoFb.idl
[4.166s] -- Installing: /home/nvidia/mkmini_ws/install/yhs_can_interfaces/share/yhs_can_interfaces/msg/BmsInfoFb.idl
[4.166s] -- Installing: /home/nvidia/mkmini_ws/install/yhs_can_interfaces/share/yhs_can_interfaces/msg/ChassisInfoFb.idl
[4.166s] -- Installing: /home/nvidia/mkmini_ws/install/yhs_can_interfaces/share/yhs_can_interfaces/msg/CtrlCmd.idl
[4.166s] -- Installing: /home/nvidia/mkmini_ws/install/yhs_can_interfaces/share/yhs_can_interfaces/msg/CtrlFb.idl
[4.166s] -- Installing: /home/nvidia/mkmini_ws/install/yhs_can_interfaces/share/yhs_can_interfaces/msg/DriveMcuEcodeFb.idl
[4.166s] -- Installing: /home/nvidia/mkmini_ws/install/yhs_can_interfaces/share/yhs_can_interfaces/msg/IoCmd.idl
[4.166s] -- Installing: /home/nvidia/mkmini_ws/install/yhs_can_interfaces/share/yhs_can_interfaces/msg/IoFb.idl
[4.166s] -- Installing: /home/nvidia/mkmini_ws/install/yhs_can_interfaces/share/yhs_can_interfaces/msg/LrWheelFb.idl
[4.166s] -- Installing: /home/nvidia/mkmini_ws/install/yhs_can_interfaces/share/yhs_can_interfaces/msg/RrWheelFb.idl
[4.166s] -- Installing: /home/nvidia/mkmini_ws/install/yhs_can_interfaces/share/yhs_can_interfaces/msg/VehDiagFb.idl
[4.166s] -- Installing: /home/nvidia/mkmini_ws/install/yhs_can_interfaces/share/yhs_can_interfaces/msg/BmsFlagInfoFb.msg
[4.166s] -- Installing: /home/nvidia/mkmini_ws/install/yhs_can_interfaces/share/yhs_can_interfaces/msg/BmsInfoFb.msg
[4.166s] -- Installing: /home/nvidia/mkmini_ws/install/yhs_can_interfaces/share/yhs_can_interfaces/msg/ChassisInfoFb.msg
[4.167s] -- Installing: /home/nvidia/mkmini_ws/install/yhs_can_interfaces/share/yhs_can_interfaces/msg/CtrlCmd.msg
[4.167s] -- Installing: /home/nvidia/mkmini_ws/install/yhs_can_interfaces/share/yhs_can_interfaces/msg/CtrlFb.msg
[4.167s] -- Installing: /home/nvidia/mkmini_ws/install/yhs_can_interfaces/share/yhs_can_interfaces/msg/DriveMcuEcodeFb.msg
[4.167s] -- Installing: /home/nvidia/mkmini_ws/install/yhs_can_interfaces/share/yhs_can_interfaces/msg/IoCmd.msg
[4.167s] -- Installing: /home/nvidia/mkmini_ws/install/yhs_can_interfaces/share/yhs_can_interfaces/msg/IoFb.msg
[4.167s] -- Installing: /home/nvidia/mkmini_ws/install/yhs_can_interfaces/share/yhs_can_interfaces/msg/LrWheelFb.msg
[4.167s] -- Installing: /home/nvidia/mkmini_ws/install/yhs_can_interfaces/share/yhs_can_interfaces/msg/RrWheelFb.msg
[4.167s] -- Installing: /home/nvidia/mkmini_ws/install/yhs_can_interfaces/share/yhs_can_interfaces/msg/VehDiagFb.msg
[4.167s] -- Installing: /home/nvidia/mkmini_ws/install/yhs_can_interfaces/share/ament_index/resource_index/package_run_dependencies/yhs_can_interfaces
[4.167s] -- Installing: /home/nvidia/mkmini_ws/install/yhs_can_interfaces/share/ament_index/resource_index/parent_prefix_path/yhs_can_interfaces
[4.167s] -- Installing: /home/nvidia/mkmini_ws/install/yhs_can_interfaces/share/yhs_can_interfaces/environment/ament_prefix_path.sh
[4.167s] -- Installing: /home/nvidia/mkmini_ws/install/yhs_can_interfaces/share/yhs_can_interfaces/environment/ament_prefix_path.dsv
[4.167s] -- Installing: /home/nvidia/mkmini_ws/install/yhs_can_interfaces/share/yhs_can_interfaces/environment/path.sh
[4.167s] -- Installing: /home/nvidia/mkmini_ws/install/yhs_can_interfaces/share/yhs_can_interfaces/environment/path.dsv
[4.167s] -- Installing: /home/nvidia/mkmini_ws/install/yhs_can_interfaces/share/yhs_can_interfaces/local_setup.bash
[4.167s] -- Installing: /home/nvidia/mkmini_ws/install/yhs_can_interfaces/share/yhs_can_interfaces/local_setup.sh
[4.167s] -- Installing: /home/nvidia/mkmini_ws/install/yhs_can_interfaces/share/yhs_can_interfaces/local_setup.zsh
[4.167s] -- Installing: /home/nvidia/mkmini_ws/install/yhs_can_interfaces/share/yhs_can_interfaces/local_setup.dsv
[4.167s] -- Installing: /home/nvidia/mkmini_ws/install/yhs_can_interfaces/share/yhs_can_interfaces/package.dsv
[4.167s] -- Installing: /home/nvidia/mkmini_ws/install/yhs_can_interfaces/share/ament_index/resource_index/packages/yhs_can_interfaces
[4.167s] -- Installing: /home/nvidia/mkmini_ws/install/yhs_can_interfaces/share/yhs_can_interfaces/cmake/export_yhs_can_interfaces__rosidl_generator_cExport.cmake
[4.168s] -- Installing: /home/nvidia/mkmini_ws/install/yhs_can_interfaces/share/yhs_can_interfaces/cmake/export_yhs_can_interfaces__rosidl_generator_cExport-noconfig.cmake
[4.168s] -- Installing: /home/nvidia/mkmini_ws/install/yhs_can_interfaces/share/yhs_can_interfaces/cmake/export_yhs_can_interfaces__rosidl_typesupport_fastrtps_cExport.cmake
[4.168s] -- Installing: /home/nvidia/mkmini_ws/install/yhs_can_interfaces/share/yhs_can_interfaces/cmake/export_yhs_can_interfaces__rosidl_typesupport_fastrtps_cExport-noconfig.cmake
[4.168s] -- Installing: /home/nvidia/mkmini_ws/install/yhs_can_interfaces/share/yhs_can_interfaces/cmake/yhs_can_interfaces__rosidl_typesupport_introspection_cExport.cmake
[4.168s] -- Installing: /home/nvidia/mkmini_ws/install/yhs_can_interfaces/share/yhs_can_interfaces/cmake/yhs_can_interfaces__rosidl_typesupport_introspection_cExport-noconfig.cmake
[4.168s] -- Installing: /home/nvidia/mkmini_ws/install/yhs_can_interfaces/share/yhs_can_interfaces/cmake/yhs_can_interfaces__rosidl_typesupport_cExport.cmake
[4.168s] -- Installing: /home/nvidia/mkmini_ws/install/yhs_can_interfaces/share/yhs_can_interfaces/cmake/yhs_can_interfaces__rosidl_typesupport_cExport-noconfig.cmake
[4.168s] -- Installing: /home/nvidia/mkmini_ws/install/yhs_can_interfaces/share/yhs_can_interfaces/cmake/export_yhs_can_interfaces__rosidl_generator_cppExport.cmake
[4.168s] -- Installing: /home/nvidia/mkmini_ws/install/yhs_can_interfaces/share/yhs_can_interfaces/cmake/export_yhs_can_interfaces__rosidl_typesupport_fastrtps_cppExport.cmake
[4.168s] -- Installing: /home/nvidia/mkmini_ws/install/yhs_can_interfaces/share/yhs_can_interfaces/cmake/export_yhs_can_interfaces__rosidl_typesupport_fastrtps_cppExport-noconfig.cmake
[4.168s] -- Installing: /home/nvidia/mkmini_ws/install/yhs_can_interfaces/share/yhs_can_interfaces/cmake/yhs_can_interfaces__rosidl_typesupport_introspection_cppExport.cmake
[4.168s] -- Installing: /home/nvidia/mkmini_ws/install/yhs_can_interfaces/share/yhs_can_interfaces/cmake/yhs_can_interfaces__rosidl_typesupport_introspection_cppExport-noconfig.cmake
[4.168s] -- Installing: /home/nvidia/mkmini_ws/install/yhs_can_interfaces/share/yhs_can_interfaces/cmake/yhs_can_interfaces__rosidl_typesupport_cppExport.cmake
[4.168s] -- Installing: /home/nvidia/mkmini_ws/install/yhs_can_interfaces/share/yhs_can_interfaces/cmake/yhs_can_interfaces__rosidl_typesupport_cppExport-noconfig.cmake
[4.168s] -- Installing: /home/nvidia/mkmini_ws/install/yhs_can_interfaces/share/yhs_can_interfaces/cmake/export_yhs_can_interfaces__rosidl_generator_pyExport.cmake
[4.168s] -- Installing: /home/nvidia/mkmini_ws/install/yhs_can_interfaces/share/yhs_can_interfaces/cmake/export_yhs_can_interfaces__rosidl_generator_pyExport-noconfig.cmake
[4.168s] -- Installing: /home/nvidia/mkmini_ws/install/yhs_can_interfaces/share/yhs_can_interfaces/cmake/rosidl_cmake-extras.cmake
[4.168s] -- Installing: /home/nvidia/mkmini_ws/install/yhs_can_interfaces/share/yhs_can_interfaces/cmake/ament_cmake_export_dependencies-extras.cmake
[4.168s] -- Installing: /home/nvidia/mkmini_ws/install/yhs_can_interfaces/share/yhs_can_interfaces/cmake/ament_cmake_export_include_directories-extras.cmake
[4.169s] -- Installing: /home/nvidia/mkmini_ws/install/yhs_can_interfaces/share/yhs_can_interfaces/cmake/ament_cmake_export_libraries-extras.cmake
[4.169s] -- Installing: /home/nvidia/mkmini_ws/install/yhs_can_interfaces/share/yhs_can_interfaces/cmake/ament_cmake_export_targets-extras.cmake
[4.169s] -- Installing: /home/nvidia/mkmini_ws/install/yhs_can_interfaces/share/yhs_can_interfaces/cmake/rosidl_cmake_export_typesupport_targets-extras.cmake
[4.169s] -- Installing: /home/nvidia/mkmini_ws/install/yhs_can_interfaces/share/yhs_can_interfaces/cmake/rosidl_cmake_export_typesupport_libraries-extras.cmake
[4.169s] -- Installing: /home/nvidia/mkmini_ws/install/yhs_can_interfaces/share/yhs_can_interfaces/cmake/yhs_can_interfacesConfig.cmake
[4.169s] -- Installing: /home/nvidia/mkmini_ws/install/yhs_can_interfaces/share/yhs_can_interfaces/cmake/yhs_can_interfacesConfig-version.cmake
[4.169s] -- Installing: /home/nvidia/mkmini_ws/install/yhs_can_interfaces/share/yhs_can_interfaces/package.xml
[4.171s] Invoked command in '/home/nvidia/mkmini_ws/build/yhs_can_interfaces' returned '0': CMAKE_PREFIX_PATH=${CMAKE_PREFIX_PATH}:/home/nvidia/ros2_ws/install/ai_imu_dr_ros:/opt/ros/humble NX_CONNECTION=192.168.31.185 60693 192.168.31.39 4000 /usr/bin/cmake --install /home/nvidia/mkmini_ws/build/yhs_can_interfaces
