-- Found ament_cmake: 1.3.12 (/opt/ros/humble/share/ament_cmake/cmake)
-- Override CMake install command with custom implementation using symlinks instead of copying resources
-- Found ament_lint_auto: 0.12.14 (/opt/ros/humble/share/ament_lint_auto/cmake)
-- Added test 'flake8' to check Python code syntax and style conventions
-- Added test 'lint_cmake' to check CMake code style
-- Added test 'pep257' to check Python code against some of the docstring style conventions in PEP 257
-- Added test 'xmllint' to check XML markup files
-- Configuring done
-- Generating done
-- Build files have been written to: /home/nvidia/mkmini_ws/build/yhs_chassis_description
-- Install configuration: ""
-- Execute custom install script
-- Symlinking: /home/nvidia/mkmini_ws/install/yhs_chassis_description/share/yhs_chassis_description/launch/MK-mini.launch.py
-- Symlinking: /home/nvidia/mkmini_ws/install/yhs_chassis_description/share/yhs_chassis_description/meshes/MK-mini.STL
-- Symlinking: /home/nvidia/mkmini_ws/install/yhs_chassis_description/share/yhs_chassis_description/rviz/rviz.rviz
-- Symlinking: /home/nvidia/mkmini_ws/install/yhs_chassis_description/share/yhs_chassis_description/urdf/MK-mini.urdf
-- Symlinking: /home/nvidia/mkmini_ws/install/yhs_chassis_description/share/ament_index/resource_index/package_run_dependencies/yhs_chassis_description
-- Symlinking: /home/nvidia/mkmini_ws/install/yhs_chassis_description/share/ament_index/resource_index/parent_prefix_path/yhs_chassis_description
-- Symlinking: /home/nvidia/mkmini_ws/install/yhs_chassis_description/share/yhs_chassis_description/environment/ament_prefix_path.sh
-- Symlinking: /home/nvidia/mkmini_ws/install/yhs_chassis_description/share/yhs_chassis_description/environment/ament_prefix_path.dsv
-- Symlinking: /home/nvidia/mkmini_ws/install/yhs_chassis_description/share/yhs_chassis_description/environment/path.sh
-- Symlinking: /home/nvidia/mkmini_ws/install/yhs_chassis_description/share/yhs_chassis_description/environment/path.dsv
-- Symlinking: /home/nvidia/mkmini_ws/install/yhs_chassis_description/share/yhs_chassis_description/local_setup.bash
-- Symlinking: /home/nvidia/mkmini_ws/install/yhs_chassis_description/share/yhs_chassis_description/local_setup.sh
-- Symlinking: /home/nvidia/mkmini_ws/install/yhs_chassis_description/share/yhs_chassis_description/local_setup.zsh
-- Symlinking: /home/nvidia/mkmini_ws/install/yhs_chassis_description/share/yhs_chassis_description/local_setup.dsv
-- Symlinking: /home/nvidia/mkmini_ws/install/yhs_chassis_description/share/yhs_chassis_description/package.dsv
-- Symlinking: /home/nvidia/mkmini_ws/install/yhs_chassis_description/share/ament_index/resource_index/packages/yhs_chassis_description
-- Symlinking: /home/nvidia/mkmini_ws/install/yhs_chassis_description/share/yhs_chassis_description/cmake/yhs_chassis_descriptionConfig.cmake
-- Symlinking: /home/nvidia/mkmini_ws/install/yhs_chassis_description/share/yhs_chassis_description/cmake/yhs_chassis_descriptionConfig-version.cmake
-- Symlinking: /home/nvidia/mkmini_ws/install/yhs_chassis_description/share/yhs_chassis_description/package.xml
